1700999915490	geckodriver	INFO	Listening on 127.0.0.1:54499
1700999918489	mozrunner::runner	INFO	Running command: "C:\\Program Files\\Mozilla Firefox\\firefox.exe" "--marionette" "--remote-debugging-port" "54500" "--remote-allow-hosts" "localhost" "-no-remote" "-profile" "C:\\Users\\SHUBHA~1\\AppData\\Local\\Temp\\rust_mozprofileqq5qEs"
console.warn: services.settings: Ignoring preference override of remote settings server
console.warn: services.settings: Allow by setting MOZ_REMOTE_SETTINGS_DEVTOOLS=1 in the environment
1700999919184	Marionette	INFO	Marionette enabled
Dynamically enable window occlusion 0
1700999919283	Marionette	INFO	Listening on port 54520
WebDriver BiDi listening on ws://127.0.0.1:54500
Read port: 54520
1700999919565	RemoteAgent	WARN	TLS certificate errors will be ignored for this session
DevTools listening on ws://127.0.0.1:54500/devtools/browser/e2b44ce4-5143-4349-9a33-c34b3e417567
1700999929874	Marionette	INFO	Stopped listening on port 54520
Dynamically enable window occlusion 1
1701000031650	geckodriver	INFO	Listening on 127.0.0.1:54730
1701000034619	mozrunner::runner	INFO	Running command: "C:\\Program Files\\Mozilla Firefox\\firefox.exe" "--marionette" "--remote-debugging-port" "54731" "--remote-allow-hosts" "localhost" "-no-remote" "-profile" "C:\\Users\\SHUBHA~1\\AppData\\Local\\Temp\\rust_mozprofilefESVjz"
console.warn: services.settings: Ignoring preference override of remote settings server
console.warn: services.settings: Allow by setting MOZ_REMOTE_SETTINGS_DEVTOOLS=1 in the environment
1701000035128	Marionette	INFO	Marionette enabled
Dynamically enable window occlusion 0
1701000035207	Marionette	INFO	Listening on port 54744
WebDriver BiDi listening on ws://127.0.0.1:54731
Read port: 54744
1701000035401	RemoteAgent	WARN	TLS certificate errors will be ignored for this session
DevTools listening on ws://127.0.0.1:54731/devtools/browser/41c3327d-9fac-4f78-8726-cb5b4f24ce4e
1701000065340	addons.xpi	ERROR	System addon update list error SyntaxError: XMLHttpRequest.open: 'http://%(server)s/dummy-system-addons.xml' is not a valid URL.
JavaScript error: resource://gre/modules/AsyncShutdown.sys.mjs, line 573: NotFoundError: No such JSWindowActor 'DevToolsFrame'
JavaScript error: resource://gre/modules/AsyncShutdown.sys.mjs, line 573: NotFoundError: No such JSWindowActor 'DevToolsFrame'
JavaScript error: resource://gre/modules/AsyncShutdown.sys.mjs, line 573: NotFoundError: No such JSWindowActor 'DevToolsFrame'
JavaScript error: resource://gre/modules/AsyncShutdown.sys.mjs, line 573: NotFoundError: No such JSWindowActor 'DevToolsFrame'
1701000082864	Marionette	INFO	Stopped listening on port 54744
Dynamically enable window occlusion 1
1701000091222	geckodriver	INFO	Listening on 127.0.0.1:54869
1701000094200	mozrunner::runner	INFO	Running command: "C:\\Program Files\\Mozilla Firefox\\firefox.exe" "--marionette" "--remote-debugging-port" "54870" "--remote-allow-hosts" "localhost" "-no-remote" "-profile" "C:\\Users\\SHUBHA~1\\AppData\\Local\\Temp\\rust_mozprofilex2S6tc"
console.warn: services.settings: Ignoring preference override of remote settings server
console.warn: services.settings: Allow by setting MOZ_REMOTE_SETTINGS_DEVTOOLS=1 in the environment
1701000094696	Marionette	INFO	Marionette enabled
Dynamically enable window occlusion 0
1701000094780	Marionette	INFO	Listening on port 54881
WebDriver BiDi listening on ws://127.0.0.1:54870
Read port: 54881
1701000095022	RemoteAgent	WARN	TLS certificate errors will be ignored for this session
DevTools listening on ws://127.0.0.1:54870/devtools/browser/88d56502-5353-427c-be35-15b92cc7ffda
1701000102041	Marionette	INFO	Stopped listening on port 54881
Dynamically enable window occlusion 1
1701000115560	geckodriver	INFO	Listening on 127.0.0.1:54968
1701000118524	mozrunner::runner	INFO	Running command: "C:\\Program Files\\Mozilla Firefox\\firefox.exe" "--marionette" "--remote-debugging-port" "54969" "--remote-allow-hosts" "localhost" "-no-remote" "-profile" "C:\\Users\\SHUBHA~1\\AppData\\Local\\Temp\\rust_mozprofileai2qou"
console.warn: services.settings: Ignoring preference override of remote settings server
console.warn: services.settings: Allow by setting MOZ_REMOTE_SETTINGS_DEVTOOLS=1 in the environment
1701000119081	Marionette	INFO	Marionette enabled
Dynamically enable window occlusion 0
1701000119177	Marionette	INFO	Listening on port 54981
WebDriver BiDi listening on ws://127.0.0.1:54969
Read port: 54981
1701000119358	RemoteAgent	WARN	TLS certificate errors will be ignored for this session
DevTools listening on ws://127.0.0.1:54969/devtools/browser/5e0410ea-6de3-4153-af6f-cee81d113e13
1701000149200	addons.xpi	ERROR	System addon update list error SyntaxError: XMLHttpRequest.open: 'http://%(server)s/dummy-system-addons.xml' is not a valid URL.
1701000150066	Marionette	INFO	Stopped listening on port 54981
Dynamically enable window occlusion 1
console.error: services.settings: 
  Message: StorageError: Storage error: AbortError: IndexedDB: main/cookie-banner-rules-list list() IndexedDB:  execute() A request was aborted, for example through a call to IDBTransaction.abort.
  Stack:
    StorageError@resource://services-settings/RemoteSettingsClient.sys.mjs:153:5
_adjustedError@resource://services-settings/RemoteSettingsClient.sys.mjs:924:14
maybeSync@resource://services-settings/RemoteSettingsClient.sys.mjs:812:38
observe@resource://gre/modules/AsyncShutdown.sys.mjs:573:17

console.warn: services.settings: main/url-classifier-skip-urls sync interrupted by shutdown
console.warn: services.settings: main/translations-models sync interrupted by shutdown
console.error: (new Error("IndexedDB: main/quicksuggest getLastModified() IndexedDB:  execute() The application is shutting down", "resource://services-settings/IDBHelpers.sys.mjs", 16))
1701000199460	geckodriver	INFO	Listening on 127.0.0.1:55133
1701000202428	mozrunner::runner	INFO	Running command: "C:\\Program Files\\Mozilla Firefox\\firefox.exe" "--marionette" "--remote-debugging-port" "55134" "--remote-allow-hosts" "localhost" "-no-remote" "-profile" "C:\\Users\\SHUBHA~1\\AppData\\Local\\Temp\\rust_mozprofileMv0rV5"
console.warn: services.settings: Ignoring preference override of remote settings server
console.warn: services.settings: Allow by setting MOZ_REMOTE_SETTINGS_DEVTOOLS=1 in the environment
1701000202962	Marionette	INFO	Marionette enabled
Dynamically enable window occlusion 0
1701000203055	Marionette	INFO	Listening on port 55147
WebDriver BiDi listening on ws://127.0.0.1:55134
Read port: 55147
1701000203266	RemoteAgent	WARN	TLS certificate errors will be ignored for this session
DevTools listening on ws://127.0.0.1:55134/devtools/browser/43a7911b-bf82-4d8a-b25b-514d3b37db6c
1701000214147	Marionette	INFO	Stopped listening on port 55147
Dynamically enable window occlusion 1
1701000253525	geckodriver	INFO	Listening on 127.0.0.1:55281
1701000256505	mozrunner::runner	INFO	Running command: "C:\\Program Files\\Mozilla Firefox\\firefox.exe" "--marionette" "--remote-debugging-port" "55282" "--remote-allow-hosts" "localhost" "-no-remote" "-profile" "C:\\Users\\SHUBHA~1\\AppData\\Local\\Temp\\rust_mozprofile1iFbDR"
console.warn: services.settings: Ignoring preference override of remote settings server
console.warn: services.settings: Allow by setting MOZ_REMOTE_SETTINGS_DEVTOOLS=1 in the environment
1701000257123	Marionette	INFO	Marionette enabled
Dynamically enable window occlusion 0
1701000257204	Marionette	INFO	Listening on port 55295
WebDriver BiDi listening on ws://127.0.0.1:55282
Read port: 55295
1701000257406	RemoteAgent	WARN	TLS certificate errors will be ignored for this session
DevTools listening on ws://127.0.0.1:55282/devtools/browser/1bad6052-9683-46d8-ba81-8af88cdf8e56
1701000280575	Marionette	INFO	Stopped listening on port 55295
Dynamically enable window occlusion 1
1701000306885	geckodriver	INFO	Listening on 127.0.0.1:55419
1701000309841	mozrunner::runner	INFO	Running command: "C:\\Program Files\\Mozilla Firefox\\firefox.exe" "--marionette" "--remote-debugging-port" "55420" "--remote-allow-hosts" "localhost" "-no-remote" "-profile" "C:\\Users\\SHUBHA~1\\AppData\\Local\\Temp\\rust_mozprofileDONz4k"
console.warn: services.settings: Ignoring preference override of remote settings server
console.warn: services.settings: Allow by setting MOZ_REMOTE_SETTINGS_DEVTOOLS=1 in the environment
1701000310468	Marionette	INFO	Marionette enabled
Dynamically enable window occlusion 0
1701000310581	Marionette	INFO	Listening on port 55432
WebDriver BiDi listening on ws://127.0.0.1:55420
Read port: 55432
1701000310812	RemoteAgent	WARN	TLS certificate errors will be ignored for this session
DevTools listening on ws://127.0.0.1:55420/devtools/browser/d83a26f2-4188-4027-8c5c-8658c07a667c
1701000341486	addons.xpi	ERROR	System addon update list error SyntaxError: XMLHttpRequest.open: 'http://%(server)s/dummy-system-addons.xml' is not a valid URL.
1701000531332	Marionette	INFO	Stopped listening on port 55432
Dynamically enable window occlusion 1
ng command: "C:\\Program Files\\Mozilla Firefox\\firefox.exe" "--marionette" "--remote-debugging-port" "55564" "--remote-allow-hosts" "localhost" "-no-remote" "-profile" "C:\\Users\\SHUBHA~1\\AppData\\Local\\Temp\\rust_mozprofileD0UacF"
console.warn: services.settings: Ignoring preference override of remote settings server
console.warn: services.settings: Allow by setting MOZ_REMOTE_SETTINGS_DEVTOOLS=1 in the environment
1701000369374	Marionette	INFO	Marionette enabled
Dynamically enable window occlusion 0
1701000369462	Marionette	INFO	Listening on port 55573
WebDriver BiDi listening on ws://127.0.0.1:55564
Read port: 55573
1701000369668	RemoteAgent	WARN	TLS certificate errors will be ignored for this session
DevTools listening on ws://127.0.0.1:55564/devtools/browser/ccb7672e-9132-4734-bb59-ddf837ccc87b
1701000401457	addons.xpi	ERROR	System addon update list error SyntaxError: XMLHttpRequest.open: 'http://%(server)s/dummy-system-addons.xml' is not a valid URL.
1701000532067	Marionette	INFO	Stopped listening on port 55573
Dynamically enable window occlusion 1
ng command: "C:\\Program Files\\Mozilla Firefox\\firefox.exe" "--marionette" "--remote-debugging-port" "55820" "--remote-allow-hosts" "localhost" "-no-remote" "-profile" "C:\\Users\\SHUBHA~1\\AppData\\Local\\Temp\\rust_mozprofilelXQEjC"
console.warn: services.settings: Ignoring preference override of remote settings server
console.warn: services.settings: Allow by setting MOZ_REMOTE_SETTINGS_DEVTOOLS=1 in the environment
1701000514459	Marionette	INFO	Marionette enabled
Dynamically enable window occlusion 0
1701000514541	Marionette	INFO	Listening on port 55833
WebDriver BiDi listening on ws://127.0.0.1:55820
Read port: 55833
1701000514796	RemoteAgent	WARN	TLS certificate errors will be ignored for this session
DevTools listening on ws://127.0.0.1:55820/devtools/browser/1e4263e1-3040-499f-9c06-918aad733768
1701000545565	addons.xpi	ERROR	System addon update list error SyntaxError: XMLHttpRequest.open: 'http://%(server)s/dummy-system-addons.xml' is not a valid URL.
1701001715062	Marionette	INFO	Stopped listening on port 55833
Dynamically enable window occlusion 1
ng command: "C:\\Program Files\\Mozilla Firefox\\firefox.exe" "--marionette" "--remote-debugging-port" "52835" "--remote-allow-hosts" "localhost" "-no-remote" "-profile" "C:\\Users\\SHUBHA~1\\AppData\\Local\\Temp\\rust_mozprofilepa9UeB"
console.warn: services.settings: Ignoring preference override of remote settings server
console.warn: services.settings: Allow by setting MOZ_REMOTE_SETTINGS_DEVTOOLS=1 in the environment
1701000608465	Marionette	INFO	Marionette enabled
Dynamically enable window occlusion 0
1701000608546	Marionette	INFO	Listening on port 52846
WebDriver BiDi listening on ws://127.0.0.1:52835
Read port: 52846
1701000608719	RemoteAgent	WARN	TLS certificate errors will be ignored for this session
DevTools listening on ws://127.0.0.1:52835/devtools/browser/61fd71c5-ce30-464e-bc1a-ed938c3698fb
1701000639208	addons.xpi	ERROR	System addon update list error SyntaxError: XMLHttpRequest.open: 'http://%(server)s/dummy-system-addons.xml' is not a valid URL.
JavaScript error: resource://gre/modules/AsyncShutdown.sys.mjs, line 573: NotFoundError: No such JSWindowActor 'DevToolsFrame'
JavaScript error: resource://gre/modules/AsyncShutdown.sys.mjs, line 573: NotFoundError: No such JSWindowActor 'DevToolsFrame'
JavaScript error: resource://gre/modules/AsyncShutdown.sys.mjs, line 573: NotFoundError: No such JSWindowActor 'DevToolsFrame'
JavaScript error: resource://gre/modules/AsyncShutdown.sys.mjs, line 573: NotFoundError: No such JSWindowActor 'DevToolsFrame'
1701001716045	Marionette	INFO	Stopped listening on port 52846
Dynamically enable window occlusion 1
 0
1701000667971	Marionette	INFO	Listening on port 53025
Read port: 53025
WebDriver BiDi listening on ws://127.0.0.1:53010
1701000668168	RemoteAgent	WARN	TLS certificate errors will be ignored for this session
DevTools listening on ws://127.0.0.1:53010/devtools/browser/87c83f74-c77b-4415-a7ec-8069a0fbc248
console.warn: LoginRecipes: "Falling back to a synchronous message for: https://test.salesforce.com."
console.warn: LoginRecipes: "Falling back to a synchronous message for: https://test.salesforce.com."
1701000698105	addons.xpi	ERROR	System addon update list error SyntaxError: XMLHttpRequest.open: 'http://%(server)s/dummy-system-addons.xml' is not a valid URL.
console.warn: LoginRecipes: "Falling back to a synchronous message for: https://addeqa1--svqa6.sandbox.my.salesforce.com."
JavaScript error: https://addeqa1--svqa6.sandbox.my.salesforce.com/jslibrary/1667954790246/sfdc/Setup.js, line 25: ReferenceError: OverlayDialog is not defined
JavaScript error: https://addeqa1--svqa6.sandbox.my.salesforce.com/jslibrary/1667954790246/sfdc/Setup.js, line 25: ReferenceError: OverlayDialog is not defined
console.warn: LoginRecipes: "Falling back to a synchronous message for: https://www.google.com."
JavaScript warning: https://www.google.com/xjs/_/js/k=xjs.s.en_GB.Ico2XhNSvl0.O/am=CgAAAAIAAAAAAAAAAAAAAAgAAAAAICoAAAIAAAFowx0AQAAQAAAFaYpCEAwAQIDnPyEEAkAAAEwAwAAQBAAUAMwDAAAAVAAAAAAAgGE_AAAAAAAAAAADgPABQEIAHEAIqAQEAAAAkAcAzwMIDiIsAAAAAAAAAAAAABDwBMHggPR4QAAEAAAAAAAAAAAAAKSkycsBBADA/d=1/ed=1/dg=2/rs=ACT90oFDiU-kA7ytLsHncjQlzlpaA9C_4Q/ee=cEt90b:ws9Tlc;qddgKe:x4FYXe,d7YSfd;yxTchf:KUM7Z;dtl0hd:lLQWFe;eHDfl:ofjVkb;qaS3gd:yiLg6e;nAFL3:NTMZac,s39S4;oGtAuc:sOXFj;iFQyKf:vfuNJf,QIhFr;SNUn3:ZwDk9d,x8cHvb;io8t5d:sgY6Zb;Oj465e:KG2eXe,KG2eXe;Erl4fe:FloWmf,FloWmf;JsbNhc:Xd8iUd;sP4Vbe:VwDzFe;kMFpHd:OTA3Ae;uY49fb:COQbmf;Pjplud:PoEs9b,EEDORb;QGR0gd:Mlhmy;a56pNe:JEfCwb;Me32dd:MEeYgc;wR5FRb:TtcOte,O1Gjze;pXdRYb:JKoKVe;dIoSBb:ZgGg9b;EmZ2Bf:zr1jrb;NSEoX:lazG7b;eBAeSb:Ck63tb;WCEKNd:I46Hvd;wV5Pjc:L8KGxe;EVNhjf:pw70Gc;sTsDMc:kHVSUb;wQlYve:aLUfP;zOsCQe:Ko78Df;KcokUb:KiuZBf;YV5bee:IvPZ6d;kbAm9d:MkHyGd;ZWEUA:afR4Cf;g8nkx:U4MzKc;qZx2Fc:j0xrE;lzgfYb:PI40bd;w9w86d:dt4g2b;GleZL:J1A7Od;bcPXSc:gSZLJb;JXS8fb:Qj0suc;IoGlCf:b5lhvb;VN6jIc:ddQyuf;vfVwPd:lcrkwe;xBbsrc:NEW1Qc;pNsl2d:j9Yuyc;VGRfx:VFqbr;BjwMce:cXX2Wb;ESrPQc:mNTJvc;R9Ulx:CR7Ufe;kY7VAf:d91TEb;NPKaK:SdcwHb;LBgRLc:XVMNvd,SdcwHb;UyG7Kb:wQd0G;LsNahb:ucGLNb;KpRAue:Tia57b;jY0zg:Q6tNgc;coJ8e:KvoW8;oSUNyd:fTfGO,fTfGO,pnvXVc;SMDL4c:fTfGO,pnvXVc;aZ61od:arTwJ;w4rSdf:XKiZ9;h3MYod:cEt90b;eO3lse:nFClrf;zaIgPb:Qtpxbd;HMDDWe:G8QUdb;ShpF6e:N0pvGc;k2Qxcb:XY51pe;IBADCc:RYquRb;pKJiXd:VCenhc;rQSrae:C6D5Fc;kCQyJ:ueyPK;EABSZ:MXZt9d;qavrXe:zQzcXe,mYbt1d;TxfV6d:YORN0b;UDrY1c:eps46d;F9mqte:UoRcbe;Nyt6ic:jn2sGd;w3bZCb:ZPGaIb;G0KhTb:LIaoZ;XUezZ:sa7lqb;aAJE9c:WHW6Ef;V2HTTe:RolTY;Wfmdue:g3MJlb;imqimf:jKGL2e;BgS6mb:fidj5d;gtVSi:ekUOYd;KQzWid:ZMKkN;UVmjEd:EesRsb;z97YGf:oug9te;AfeaP:TkrAjf;eBZ5Nd:audvde;CxXAWb:YyRLvc;OgagBe:cNTe0;SLtqO:Kh1xYe;tosKvd:ZCqP3;VOcgDe:YquhTb;uuQkY:u2V3ud;WDGyFe:jcVOxd;trZL0b:qY8PFe;VxQ32b:k0XsBb;DULqB:RKfG5c;Np8Qkd:Dpx6qc;cFTWae:gT8qnd;gaub4:TN6bMe;DpcR3d:zL72xf;hjRo6e:F62sG;yGxLoc:FmAr0c;pj82le:mg5CW;dLlj2:Qqt3Gf;qGV2uc:HHi04c;oUlnpc:RagDlc;R2kc8b:ALJqWb;Q1Ow7b:x5CSu;bFZ6gf:RsDQqe;okUaUd:wItadb;xbe2wc:wbTLEd;KOxcK:bFOvTc;G6wU6e:hezEbd;uknmt:GkPrzb;U96pRd:FsR04;PqHfGe:im2cZe;heHB1:sFczq;Fmv9Nc:O1Tzwc;hK67qb:QWEO5b;BMxAGc:E5bFse;R4IIIb:QWfeKf;whEZac:F4AmNb;tH4IIe:Ymry6;lkq0A:JyBE3e;daB6be:lMxGPd;LEikZe:byfTOb,lsjVmc/m=attn,cdos,cr,fct,gwc,hsm,jsa,mb4ZUb,d,csi,cEt90b,SNUn3,qddgKe,sTsDMc,dtl0hd,eHDfl, line 418: Script terminated by timeout at:
b@https://www.google.com/xjs/_/js/k=xjs.s.en_GB.Ico2XhNSvl0.O/am=CgAAAAIAAAAAAAAAAAAAAAgAAAAAICoAAAIAAAFowx0AQAAQAAAFaYpCEAwAQIDnPyEEAkAAAEwAwAAQBAAUAMwDAAAAVAAAAAAAgGE_AAAAAAAAAAADgPABQEIAHEAIqAQEAAAAkAcAzwMIDiIsAAAAAAAAAAAAABDwBMHggPR4QAAEAAAAAAAAAAAAAKSkycsBBADA/d=1/ed=1/dg=2/rs=ACT90oFDiU-kA7ytLsHncjQlzlpaA9C_4Q/ee=cEt90b:ws9Tlc;qddgKe:x4FYXe,d7YSfd;yxTchf:KUM7Z;dtl0hd:lLQWFe;eHDfl:ofjVkb;qaS3gd:yiLg6e;nAFL3:NTMZac,s39S4;oGtAuc:sOXFj;iFQyKf:vfuNJf,QIhFr;SNUn3:ZwDk9d,x8cHvb;io8t5d:sgY6Zb;Oj465e:KG2eXe,KG2eXe;Erl4fe:FloWmf,FloWmf;JsbNhc:Xd8iUd;sP4Vbe:VwDzFe;kMFpHd:OTA3Ae;uY49fb:COQbmf;Pjplud:PoEs9b,EEDORb;QGR0gd:Mlhmy;a56pNe:JEfCwb;Me32dd:MEeYgc;wR5FRb:TtcOte,O1Gjze;pXdRYb:JKoKVe;dIoSBb:ZgGg9b;EmZ2Bf:zr1jrb;NSEoX:lazG7b;eBAeSb:Ck63tb;WCEKNd:I46Hvd;wV5Pjc:L8KGxe;EVNhjf:pw70Gc;sTsDMc:kHVSUb;wQlYve:aLUfP;zOsCQe:Ko78Df;KcokUb:KiuZBf;YV5bee:IvPZ6d;kbAm9d:MkHyGd;ZWEUA:afR4Cf;g8nkx:U4MzKc;qZx2Fc:j0xrE;lzgfYb:PI40bd;w9w86d:dt4g2b;GleZL:J1A7Od;bcPXSc:gSZLJb;JXS8fb:Qj0suc;IoGlCf:b5lhvb;VN6jIc:ddQyuf;vfVwPd:lcrkwe;xBbsrc:NEW1Qc;pNsl2d:j9Yuyc;VGRfx:VFqbr;BjwMce:cXX2Wb;ESrPQc:mNTJvc;R9Ulx:CR7Ufe;kY7VAf:d91TEb;NPKaK:SdcwHb;LBgRLc:XVMNvd,SdcwHb;UyG7Kb:wQd0G;LsNahb:ucGLNb;KpRAue:Tia57b;jY0zg:Q6tNgc;coJ8e:KvoW8;oSUNyd:fTfGO,fTfGO,pnvXVc;SMDL4c:fTfGO,pnvXVc;aZ61od:arTwJ;w4rSdf:XKiZ9;h3MYod:cEt90b;eO3lse:nFClrf;zaIgPb:Qtpxbd;HMDDWe:G8QUdb;ShpF6e:N0pvGc;k2Qxcb:XY51pe;IBADCc:RYquRb;pKJiXd:VCenhc;rQSrae:C6D5Fc;kCQyJ:ueyPK;EABSZ:MXZt9d;qavrXe:zQzcXe,mYbt1d;TxfV6d:YORN0b;UDrY1c:eps46d;F9mqte:UoRcbe;Nyt6ic:jn2sGd;w3bZCb:ZPGaIb;G0KhTb:LIaoZ;XUezZ:sa7lqb;aAJE9c:WHW6Ef;V2HTTe:RolTY;Wfmdue:g3MJlb;imqimf:jKGL2e;BgS6mb:fidj5d;gtVSi:ekUOYd;KQzWid:ZMKkN;UVmjEd:EesRsb;z97YGf:oug9te;AfeaP:TkrAjf;eBZ5Nd:audvde;CxXAWb:YyRLvc;OgagBe:cNTe0;SLtqO:Kh1xYe;tosKvd:ZCqP3;VOcgDe:YquhTb;uuQkY:u2V3ud;WDGyFe:jcVOxd;trZL0b:qY8PFe;VxQ32b:k0XsBb;DULqB:RKfG5c;Np8Qkd:Dpx6qc;cFTWae:gT8qnd;gaub4:TN6bMe;DpcR3d:zL72xf;hjRo6e:F62sG;yGxLoc:FmAr0c;pj82le:mg5CW;dLlj2:Qqt3Gf;qGV2uc:HHi04c;oUlnpc:RagDlc;R2kc8b:ALJqWb;Q1Ow7b:x5CSu;bFZ6gf:RsDQqe;okUaUd:wItadb;xbe2wc:wbTLEd;KOxcK:bFOvTc;G6wU6e:hezEbd;uknmt:GkPrzb;U96pRd:FsR04;PqHfGe:im2cZe;heHB1:sFczq;Fmv9Nc:O1Tzwc;hK67qb:QWEO5b;BMxAGc:E5bFse;R4IIIb:QWfeKf;whEZac:F4AmNb;tH4IIe:Ymry6;lkq0A:JyBE3e;daB6be:lMxGPd;LEikZe:byfTOb,lsjVmc/m=attn,cdos,cr,fct,gwc,hsm,jsa,mb4ZUb,d,csi,cEt90b,SNUn3,qddgKe,sTsDMc,dtl0hd,eHDfl:418:40

JavaScript warning: https://www.google.com/xjs/_/js/k=xjs.s.en_GB.Ico2XhNSvl0.O/am=CgAAAAIAAAAAAAAAAAAAAAgAAAAAICoAADIAAAdowx0AQAAYAAAFaYpCEAwBQIDnPyEEAkAAAEwAwAAQBAAUAMwDAAAAVAAAAAAAgGE_AAAAAAgAABADgPABQEIAfEAIqAQEAAAAkAcAzwMIDiI8AAAAAAAAAAAAABDwBMHggPR4QAAEAAAAAAAAAAAAAKSkycsBBADA/d=1/ed=1/dg=2/rs=ACT90oFANPbfWm3d832kX9w_xq8Zh0BzZA/ee=cEt90b:ws9Tlc;qddgKe:x4FYXe,d7YSfd;yxTchf:KUM7Z;dtl0hd:lLQWFe;eHDfl:ofjVkb;qaS3gd:yiLg6e;nAFL3:NTMZac,s39S4;oGtAuc:sOXFj;iFQyKf:vfuNJf,QIhFr;SNUn3:ZwDk9d,x8cHvb;io8t5d:sgY6Zb;Oj465e:KG2eXe,KG2eXe;Erl4fe:FloWmf,FloWmf;JsbNhc:Xd8iUd;sP4Vbe:VwDzFe;kMFpHd:OTA3Ae;uY49fb:COQbmf;Pjplud:PoEs9b,EEDORb;QGR0gd:Mlhmy;a56pNe:JEfCwb;Me32dd:MEeYgc;wR5FRb:TtcOte,O1Gjze;pXdRYb:JKoKVe;dIoSBb:ZgGg9b;EmZ2Bf:zr1jrb;NSEoX:lazG7b;eBAeSb:Ck63tb;WCEKNd:I46Hvd;wV5Pjc:L8KGxe;EVNhjf:pw70Gc;sTsDMc:kHVSUb;wQlYve:aLUfP;zOsCQe:Ko78Df;KcokUb:KiuZBf;YV5bee:IvPZ6d;kbAm9d:MkHyGd;ZWEUA:afR4Cf;g8nkx:U4MzKc;qZx2Fc:j0xrE;lzgfYb:PI40bd;w9w86d:dt4g2b;GleZL:J1A7Od;bcPXSc:gSZLJb;JXS8fb:Qj0suc;IoGlCf:b5lhvb;VN6jIc:ddQyuf;vfVwPd:lcrkwe;xBbsrc:NEW1Qc;pNsl2d:j9Yuyc;VGRfx:VFqbr;BjwMce:cXX2Wb;ESrPQc:mNTJvc;R9Ulx:CR7Ufe;kY7VAf:d91TEb;NPKaK:SdcwHb;LBgRLc:XVMNvd,SdcwHb;UyG7Kb:wQd0G;LsNahb:ucGLNb;KpRAue:Tia57b;jY0zg:Q6tNgc;coJ8e:KvoW8;oSUNyd:fTfGO,fTfGO,pnvXVc;SMDL4c:fTfGO,pnvXVc;aZ61od:arTwJ;w4rSdf:XKiZ9;h3MYod:cEt90b;eO3lse:nFClrf;zaIgPb:Qtpxbd;HMDDWe:G8QUdb;ShpF6e:N0pvGc;k2Qxcb:XY51pe;IBADCc:RYquRb;pKJiXd:VCenhc;rQSrae:C6D5Fc;kCQyJ:ueyPK;EABSZ:MXZt9d;qavrXe:zQzcXe,mYbt1d;TxfV6d:YORN0b;UDrY1c:eps46d;F9mqte:UoRcbe;Nyt6ic:jn2sGd;w3bZCb:ZPGaIb;G0KhTb:LIaoZ;XUezZ:sa7lqb;aAJE9c:WHW6Ef;V2HTTe:RolTY;Wfmdue:g3MJlb;imqimf:jKGL2e;BgS6mb:fidj5d;gtVSi:ekUOYd;KQzWid:ZMKkN;UVmjEd:EesRsb;z97YGf:oug9te;AfeaP:TkrAjf;eBZ5Nd:audvde;CxXAWb:YyRLvc;OgagBe:cNTe0;SLtqO:Kh1xYe;tosKvd:ZCqP3;VOcgDe:YquhTb;uuQkY:u2V3ud;WDGyFe:jcVOxd;trZL0b:qY8PFe;VxQ32b:k0XsBb;DULqB:RKfG5c;Np8Qkd:Dpx6qc;cFTWae:gT8qnd;gaub4:TN6bMe;DpcR3d:zL72xf;hjRo6e:F62sG;yGxLoc:FmAr0c;pj82le:mg5CW;dLlj2:Qqt3Gf;qGV2uc:HHi04c;oUlnpc:RagDlc;R2kc8b:ALJqWb;Q1Ow7b:x5CSu;bFZ6gf:RsDQqe;okUaUd:wItadb;xbe2wc:wbTLEd;KOxcK:bFOvTc;G6wU6e:hezEbd;uknmt:GkPrzb;U96pRd:FsR04;PqHfGe:im2cZe;heHB1:sFczq;Fmv9Nc:O1Tzwc;hK67qb:QWEO5b;BMxAGc:E5bFse;R4IIIb:QWfeKf;whEZac:F4AmNb;tH4IIe:Ymry6;lkq0A:JyBE3e;daB6be:lMxGPd;LEikZe:byfTOb,lsjVmc/m=attn,cdos,cr,fct,gwc,hsm,jsa,mb4ZUb,d,csi,cEt90b,SNUn3,qddgKe,sTsDMc,dtl0hd,eHDfl, line 405: Script terminated by timeout at:
_.Dk@https://www.google.com/xjs/_/js/k=xjs.s.en_GB.Ico2XhNSvl0.O/am=CgAAAAIAAAAAAAAAAAAAAAgAAAAAICoAADIAAAdowx0AQAAYAAAFaYpCEAwBQIDnPyEEAkAAAEwAwAAQBAAUAMwDAAAAVAAAAAAAgGE_AAAAAAgAABADgPABQEIAfEAIqAQEAAAAkAcAzwMIDiI8AAAAAAAAAAAAABDwBMHggPR4QAAEAAAAAAAAAAAAAKSkycsBBADA/d=1/ed=1/dg=2/rs=ACT90oFANPbfWm3d832kX9w_xq8Zh0BzZA/ee=cEt90b:ws9Tlc;qddgKe:x4FYXe,d7YSfd;yxTchf:KUM7Z;dtl0hd:lLQWFe;eHDfl:ofjVkb;qaS3gd:yiLg6e;nAFL3:NTMZac,s39S4;oGtAuc:sOXFj;iFQyKf:vfuNJf,QIhFr;SNUn3:ZwDk9d,x8cHvb;io8t5d:sgY6Zb;Oj465e:KG2eXe,KG2eXe;Erl4fe:FloWmf,FloWmf;JsbNhc:Xd8iUd;sP4Vbe:VwDzFe;kMFpHd:OTA3Ae;uY49fb:COQbmf;Pjplud:PoEs9b,EEDORb;QGR0gd:Mlhmy;a56pNe:JEfCwb;Me32dd:MEeYgc;wR5FRb:TtcOte,O1Gjze;pXdRYb:JKoKVe;dIoSBb:ZgGg9b;EmZ2Bf:zr1jrb;NSEoX:lazG7b;eBAeSb:Ck63tb;WCEKNd:I46Hvd;wV5Pjc:L8KGxe;EVNhjf:pw70Gc;sTsDMc:kHVSUb;wQlYve:aLUfP;zOsCQe:Ko78Df;KcokUb:KiuZBf;YV5bee:IvPZ6d;kbAm9d:MkHyGd;ZWEUA:afR4Cf;g8nkx:U4MzKc;qZx2Fc:j0xrE;lzgfYb:PI40bd;w9w86d:dt4g2b;GleZL:J1A7Od;bcPXSc:gSZLJb;JXS8fb:Qj0suc;IoGlCf:b5lhvb;VN6jIc:ddQyuf;vfVwPd:lcrkwe;xBbsrc:NEW1Qc;pNsl2d:j9Yuyc;VGRfx:VFqbr;BjwMce:cXX2Wb;ESrPQc:mNTJvc;R9Ulx:CR7Ufe;kY7VAf:d91TEb;NPKaK:SdcwHb;LBgRLc:XVMNvd,SdcwHb;UyG7Kb:wQd0G;LsNahb:ucGLNb;KpRAue:Tia57b;jY0zg:Q6tNgc;coJ8e:KvoW8;oSUNyd:fTfGO,fTfGO,pnvXVc;SMDL4c:fTfGO,pnvXVc;aZ61od:arTwJ;w4rSdf:XKiZ9;h3MYod:cEt90b;eO3lse:nFClrf;zaIgPb:Qtpxbd;HMDDWe:G8QUdb;ShpF6e:N0pvGc;k2Qxcb:XY51pe;IBADCc:RYquRb;pKJiXd:VCenhc;rQSrae:C6D5Fc;kCQyJ:ueyPK;EABSZ:MXZt9d;qavrXe:zQzcXe,mYbt1d;TxfV6d:YORN0b;UDrY1c:eps46d;F9mqte:UoRcbe;Nyt6ic:jn2sGd;w3bZCb:ZPGaIb;G0KhTb:LIaoZ;XUezZ:sa7lqb;aAJE9c:WHW6Ef;V2HTTe:RolTY;Wfmdue:g3MJlb;imqimf:jKGL2e;BgS6mb:fidj5d;gtVSi:ekUOYd;KQzWid:ZMKkN;UVmjEd:EesRsb;z97YGf:oug9te;AfeaP:TkrAjf;eBZ5Nd:audvde;CxXAWb:YyRLvc;OgagBe:cNTe0;SLtqO:Kh1xYe;tosKvd:ZCqP3;VOcgDe:YquhTb;uuQkY:u2V3ud;WDGyFe:jcVOxd;trZL0b:qY8PFe;VxQ32b:k0XsBb;DULqB:RKfG5c;Np8Qkd:Dpx6qc;cFTWae:gT8qnd;gaub4:TN6bMe;DpcR3d:zL72xf;hjRo6e:F62sG;yGxLoc:FmAr0c;pj82le:mg5CW;dLlj2:Qqt3Gf;qGV2uc:HHi04c;oUlnpc:RagDlc;R2kc8b:ALJqWb;Q1Ow7b:x5CSu;bFZ6gf:RsDQqe;okUaUd:wItadb;xbe2wc:wbTLEd;KOxcK:bFOvTc;G6wU6e:hezEbd;uknmt:GkPrzb;U96pRd:FsR04;PqHfGe:im2cZe;heHB1:sFczq;Fmv9Nc:O1Tzwc;hK67qb:QWEO5b;BMxAGc:E5bFse;R4IIIb:QWfeKf;whEZac:F4AmNb;tH4IIe:Ymry6;lkq0A:JyBE3e;daB6be:lMxGPd;LEikZe:byfTOb,lsjVmc/m=attn,cdos,cr,fct,gwc,hsm,jsa,mb4ZUb,d,csi,cEt90b,SNUn3,qddgKe,sTsDMc,dtl0hd,eHDfl:405:174
_.Gk@https://www.google.com/xjs/_/js/k=xjs.s.en_GB.Ico2XhNSvl0.O/am=CgAAAAIAAAAAAAAAAAAAAAgAAAAAICoAADIAAAdowx0AQAAYAAAFaYpCEAwBQIDnPyEEAkAAAEwAwAAQBAAUAMwDAAAAVAAAAAAAgGE_AAAAAAgAABADgPABQEIAfEAIqAQEAAAAkAcAzwMIDiI8AAAAAAAAAAAAABDwBMHggPR4QAAEAAAAAAAAAAAAAKSkycsBBADA/d=1/ed=1/dg=2/rs=ACT90oFANPbfWm3d832kX9w_xq8Zh0BzZA/ee=cEt90b:ws9Tlc;qddgKe:x4FYXe,d7YSfd;yxTchf:KUM7Z;dtl0hd:lLQWFe;eHDfl:ofjVkb;qaS3gd:yiLg6e;nAFL3:NTMZac,s39S4;oGtAuc:sOXFj;iFQyKf:vfuNJf,QIhFr;SNUn3:ZwDk9d,x8cHvb;io8t5d:sgY6Zb;Oj465e:KG2eXe,KG2eXe;Erl4fe:FloWmf,FloWmf;JsbNhc:Xd8iUd;sP4Vbe:VwDzFe;kMFpHd:OTA3Ae;uY49fb:COQbmf;Pjplud:PoEs9b,EEDORb;QGR0gd:Mlhmy;a56pNe:JEfCwb;Me32dd:MEeYgc;wR5FRb:TtcOte,O1Gjze;pXdRYb:JKoKVe;dIoSBb:ZgGg9b;EmZ2Bf:zr1jrb;NSEoX:lazG7b;eBAeSb:Ck63tb;WCEKNd:I46Hvd;wV5Pjc:L8KGxe;EVNhjf:pw70Gc;sTsDMc:kHVSUb;wQlYve:aLUfP;zOsCQe:Ko78Df;KcokUb:KiuZBf;YV5bee:IvPZ6d;kbAm9d:MkHyGd;ZWEUA:afR4Cf;g8nkx:U4MzKc;qZx2Fc:j0xrE;lzgfYb:PI40bd;w9w86d:dt4g2b;GleZL:J1A7Od;bcPXSc:gSZLJb;JXS8fb:Qj0suc;IoGlCf:b5lhvb;VN6jIc:ddQyuf;vfVwPd:lcrkwe;xBbsrc:NEW1Qc;pNsl2d:j9Yuyc;VGRfx:VFqbr;BjwMce:cXX2Wb;ESrPQc:mNTJvc;R9Ulx:CR7Ufe;kY7VAf:d91TEb;NPKaK:SdcwHb;LBgRLc:XVMNvd,SdcwHb;UyG7Kb:wQd0G;LsNahb:ucGLNb;KpRAue:Tia57b;jY0zg:Q6tNgc;coJ8e:KvoW8;oSUNyd:fTfGO,fTfGO,pnvXVc;SMDL4c:fTfGO,pnvXVc;aZ61od:arTwJ;w4rSdf:XKiZ9;h3MYod:cEt90b;eO3lse:nFClrf;zaIgPb:Qtpxbd;HMDDWe:G8QUdb;ShpF6e:N0pvGc;k2Qxcb:XY51pe;IBADCc:RYquRb;pKJiXd:VCenhc;rQSrae:C6D5Fc;kCQyJ:ueyPK;EABSZ:MXZt9d;qavrXe:zQzcXe,mYbt1d;TxfV6d:YORN0b;UDrY1c:eps46d;F9mqte:UoRcbe;Nyt6ic:jn2sGd;w3bZCb:ZPGaIb;G0KhTb:LIaoZ;XUezZ:sa7lqb;aAJE9c:WHW6Ef;V2HTTe:RolTY;Wfmdue:g3MJlb;imqimf:jKGL2e;BgS6mb:fidj5d;gtVSi:ekUOYd;KQzWid:ZMKkN;UVmjEd:EesRsb;z97YGf:oug9te;AfeaP:TkrAjf;eBZ5Nd:audvde;CxXAWb:YyRLvc;OgagBe:cNTe0;SLtqO:Kh1xYe;tosKvd:ZCqP3;VOcgDe:YquhTb;uuQkY:u2V3ud;WDGyFe:jcVOxd;trZL0b:qY8PFe;VxQ32b:k0XsBb;DULqB:RKfG5c;Np8Qkd:Dpx6qc;cFTWae:gT8qnd;gaub4:TN6bMe;DpcR3d:zL72xf;hjRo6e:F62sG;yGxLoc:FmAr0c;pj82le:mg5CW;dLlj2:Qqt3Gf;qGV2uc:HHi04c;oUlnpc:RagDlc;R2kc8b:ALJqWb;Q1Ow7b:x5CSu;bFZ6gf:RsDQqe;okUaUd:wItadb;xbe2wc:wbTLEd;KOxcK:bFOvTc;G6wU6e:hezEbd;uknmt:GkPrzb;U96pRd:FsR04;PqHfGe:im2cZe;heHB1:sFczq;Fmv9Nc:O1Tzwc;hK67qb:QWEO5b;BMxAGc:E5bFse;R4IIIb:QWfeKf;whEZac:F4AmNb;tH4IIe:Ymry6;lkq0A:JyBE3e;daB6be:lMxGPd;LEikZe:byfTOb,lsjVmc/m=attn,cdos,cr,fct,gwc,hsm,jsa,mb4ZUb,d,csi,cEt90b,SNUn3,qddgKe,sTsDMc,dtl0hd,eHDfl:410:1035
Rva@https://www.google.com/xjs/_/js/k=xjs.s.en_GB.Ico2XhNSvl0.O/am=CgAAAAIAAAAAAAAAAAAAAAgAAAAAICoAADIAAAdowx0AQAAYAAAFaYpCEAwBQIDnPyEEAkAAAEwAwAAQBAAUAMwDAAAAVAAAAAAAgGE_AAAAAAgAABADgPABQEIAfEAIqAQEAAAAkAcAzwMIDiI8AAAAAAAAAAAAABDwBMHggPR4QAAEAAAAAAAAAAAAAKSkycsBBADA/d=1/ed=1/dg=2/rs=ACT90oFANPbfWm3d832kX9w_xq8Zh0BzZA/ee=cEt90b:ws9Tlc;qddgKe:x4FYXe,d7YSfd;yxTchf:KUM7Z;dtl0hd:lLQWFe;eHDfl:ofjVkb;qaS3gd:yiLg6e;nAFL3:NTMZac,s39S4;oGtAuc:sOXFj;iFQyKf:vfuNJf,QIhFr;SNUn3:ZwDk9d,x8cHvb;io8t5d:sgY6Zb;Oj465e:KG2eXe,KG2eXe;Erl4fe:FloWmf,FloWmf;JsbNhc:Xd8iUd;sP4Vbe:VwDzFe;kMFpHd:OTA3Ae;uY49fb:COQbmf;Pjplud:PoEs9b,EEDORb;QGR0gd:Mlhmy;a56pNe:JEfCwb;Me32dd:MEeYgc;wR5FRb:TtcOte,O1Gjze;pXdRYb:JKoKVe;dIoSBb:ZgGg9b;EmZ2Bf:zr1jrb;NSEoX:lazG7b;eBAeSb:Ck63tb;WCEKNd:I46Hvd;wV5Pjc:L8KGxe;EVNhjf:pw70Gc;sTsDMc:kHVSUb;wQlYve:aLUfP;zOsCQe:Ko78Df;KcokUb:KiuZBf;YV5bee:IvPZ6d;kbAm9d:MkHyGd;ZWEUA:afR4Cf;g8nkx:U4MzKc;qZx2Fc:j0xrE;lzgfYb:PI40bd;w9w86d:dt4g2b;GleZL:J1A7Od;bcPXSc:gSZLJb;JXS8fb:Qj0suc;IoGlCf:b5lhvb;VN6jIc:ddQyuf;vfVwPd:lcrkwe;xBbsrc:NEW1Qc;pNsl2d:j9Yuyc;VGRfx:VFqbr;BjwMce:cXX2Wb;ESrPQc:mNTJvc;R9Ulx:CR7Ufe;kY7VAf:d91TEb;NPKaK:SdcwHb;LBgRLc:XVMNvd,SdcwHb;UyG7Kb:wQd0G;LsNahb:ucGLNb;KpRAue:Tia57b;jY0zg:Q6tNgc;coJ8e:KvoW8;oSUNyd:fTfGO,fTfGO,pnvXVc;SMDL4c:fTfGO,pnvXVc;aZ61od:arTwJ;w4rSdf:XKiZ9;h3MYod:cEt90b;eO3lse:nFClrf;zaIgPb:Qtpxbd;HMDDWe:G8QUdb;ShpF6e:N0pvGc;k2Qxcb:XY51pe;IBADCc:RYquRb;pKJiXd:VCenhc;rQSrae:C6D5Fc;kCQyJ:ueyPK;EABSZ:MXZt9d;qavrXe:zQzcXe,mYbt1d;TxfV6d:YORN0b;UDrY1c:eps46d;F9mqte:UoRcbe;Nyt6ic:jn2sGd;w3bZCb:ZPGaIb;G0KhTb:LIaoZ;XUezZ:sa7lqb;aAJE9c:WHW6Ef;V2HTTe:RolTY;Wfmdue:g3MJlb;imqimf:jKGL2e;BgS6mb:fidj5d;gtVSi:ekUOYd;KQzWid:ZMKkN;UVmjEd:EesRsb;z97YGf:oug9te;AfeaP:TkrAjf;eBZ5Nd:audvde;CxXAWb:YyRLvc;OgagBe:cNTe0;SLtqO:Kh1xYe;tosKvd:ZCqP3;VOcgDe:YquhTb;uuQkY:u2V3ud;WDGyFe:jcVOxd;trZL0b:qY8PFe;VxQ32b:k0XsBb;DULqB:RKfG5c;Np8Qkd:Dpx6qc;cFTWae:gT8qnd;gaub4:TN6bMe;DpcR3d:zL72xf;hjRo6e:F62sG;yGxLoc:FmAr0c;pj82le:mg5CW;dLlj2:Qqt3Gf;qGV2uc:HHi04c;oUlnpc:RagDlc;R2kc8b:ALJqWb;Q1Ow7b:x5CSu;bFZ6gf:RsDQqe;okUaUd:wItadb;xbe2wc:wbTLEd;KOxcK:bFOvTc;G6wU6e:hezEbd;uknmt:GkPrzb;U96pRd:FsR04;PqHfGe:im2cZe;heHB1:sFczq;Fmv9Nc:O1Tzwc;hK67qb:QWEO5b;BMxAGc:E5bFse;R4IIIb:QWfeKf;whEZac:F4AmNb;tH4IIe:Ymry6;lkq0A:JyBE3e;daB6be:lMxGPd;LEikZe:byfTOb,lsjVmc/m=attn,cdos,cr,fct,gwc,hsm,jsa,mb4ZUb,d,csi,cEt90b,SNUn3,qddgKe,sTsDMc,dtl0hd,eHDfl:422:347
b@https://www.google.com/xjs/_/js/k=xjs.s.en_GB.Ico2XhNSvl0.O/am=CgAAAAIAAAAAAAAAAAAAAAgAAAAAICoAADIAAAdowx0AQAAYAAAFaYpCEAwBQIDnPyEEAkAAAEwAwAAQBAAUAMwDAAAAVAAAAAAAgGE_AAAAAAgAABADgPABQEIAfEAIqAQEAAAAkAcAzwMIDiI8AAAAAAAAAAAAABDwBMHggPR4QAAEAAAAAAAAAAAAAKSkycsBBADA/d=1/ed=1/dg=2/rs=ACT90oFANPbfWm3d832kX9w_xq8Zh0BzZA/ee=cEt90b:ws9Tlc;qddgKe:x4FYXe,d7YSfd;yxTchf:KUM7Z;dtl0hd:lLQWFe;eHDfl:ofjVkb;qaS3gd:yiLg6e;nAFL3:NTMZac,s39S4;oGtAuc:sOXFj;iFQyKf:vfuNJf,QIhFr;SNUn3:ZwDk9d,x8cHvb;io8t5d:sgY6Zb;Oj465e:KG2eXe,KG2eXe;Erl4fe:FloWmf,FloWmf;JsbNhc:Xd8iUd;sP4Vbe:VwDzFe;kMFpHd:OTA3Ae;uY49fb:COQbmf;Pjplud:PoEs9b,EEDORb;QGR0gd:Mlhmy;a56pNe:JEfCwb;Me32dd:MEeYgc;wR5FRb:TtcOte,O1Gjze;pXdRYb:JKoKVe;dIoSBb:ZgGg9b;EmZ2Bf:zr1jrb;NSEoX:lazG7b;eBAeSb:Ck63tb;WCEKNd:I46Hvd;wV5Pjc:L8KGxe;EVNhjf:pw70Gc;sTsDMc:kHVSUb;wQlYve:aLUfP;zOsCQe:Ko78Df;KcokUb:KiuZBf;YV5bee:IvPZ6d;kbAm9d:MkHyGd;ZWEUA:afR4Cf;g8nkx:U4MzKc;qZx2Fc:j0xrE;lzgfYb:PI40bd;w9w86d:dt4g2b;GleZL:J1A7Od;bcPXSc:gSZLJb;JXS8fb:Qj0suc;IoGlCf:b5lhvb;VN6jIc:ddQyuf;vfVwPd:lcrkwe;xBbsrc:NEW1Qc;pNsl2d:j9Yuyc;VGRfx:VFqbr;BjwMce:cXX2Wb;ESrPQc:mNTJvc;R9Ulx:CR7Ufe;kY7VAf:d91TEb;NPKaK:SdcwHb;LBgRLc:XVMNvd,SdcwHb;UyG7Kb:wQd0G;LsNahb:ucGLNb;KpRAue:Tia57b;jY0zg:Q6tNgc;coJ8e:KvoW8;oSUNyd:fTfGO,fTfGO,pnvXVc;SMDL4c:fTfGO,pnvXVc;aZ61od:arTwJ;w4rSdf:XKiZ9;h3MYod:cEt90b;eO3lse:nFClrf;zaIgPb:Qtpxbd;HMDDWe:G8QUdb;ShpF6e:N0pvGc;k2Qxcb:XY51pe;IBADCc:RYquRb;pKJiXd:VCenhc;rQSrae:C6D5Fc;kCQyJ:ueyPK;EABSZ:MXZt9d;qavrXe:zQzcXe,mYbt1d;TxfV6d:YORN0b;UDrY1c:eps46d;F9mqte:UoRcbe;Nyt6ic:jn2sGd;w3bZCb:ZPGaIb;G0KhTb:LIaoZ;XUezZ:sa7lqb;aAJE9c:WHW6Ef;V2HTTe:RolTY;Wfmdue:g3MJlb;imqimf:jKGL2e;BgS6mb:fidj5d;gtVSi:ekUOYd;KQzWid:ZMKkN;UVmjEd:EesRsb;z97YGf:oug9te;AfeaP:TkrAjf;eBZ5Nd:audvde;CxXAWb:YyRLvc;OgagBe:cNTe0;SLtqO:Kh1xYe;tosKvd:ZCqP3;VOcgDe:YquhTb;uuQkY:u2V3ud;WDGyFe:jcVOxd;trZL0b:qY8PFe;VxQ32b:k0XsBb;DULqB:RKfG5c;Np8Qkd:Dpx6qc;cFTWae:gT8qnd;gaub4:TN6bMe;DpcR3d:zL72xf;hjRo6e:F62sG;yGxLoc:FmAr0c;pj82le:mg5CW;dLlj2:Qqt3Gf;qGV2uc:HHi04c;oUlnpc:RagDlc;R2kc8b:ALJqWb;Q1Ow7b:x5CSu;bFZ6gf:RsDQqe;okUaUd:wItadb;xbe2wc:wbTLEd;KOxcK:bFOvTc;G6wU6e:hezEbd;uknmt:GkPrzb;U96pRd:FsR04;PqHfGe:im2cZe;heHB1:sFczq;Fmv9Nc:O1Tzwc;hK67qb:QWEO5b;BMxAGc:E5bFse;R4IIIb:QWfeKf;whEZac:F4AmNb;tH4IIe:Ymry6;lkq0A:JyBE3e;daB6be:lMxGPd;LEikZe:byfTOb,lsjVmc/m=attn,cdos,cr,fct,gwc,hsm,jsa,mb4ZUb,d,csi,cEt90b,SNUn3,qddgKe,sTsDMc,dtl0hd,eHDfl:418:49

console.warn: "Listener for event 'frame' did not return a promise."
console.error: "Unable to find target with innerWindowId:8589934594"
console.error: "Unable to find target with innerWindowId:8589934594"
console.warn: "Listener for event 'frame' did not return a promise."
JavaScript error: , line 0: NotFoundError: No such JSWindowActor 'DevToolsFrame'
JavaScript error: , line 0: NotFoundError: No such JSWindowActor 'DevToolsFrame'
JavaScript error: , line 0: NotFoundError: No such JSWindowActor 'DevToolsFrame'
1701001357098	Marionette	INFO	Stopped listening on port 53025
Dynamically enable window occlusion 1
1701001362392	geckodriver	INFO	Listening on 127.0.0.1:54252
1701001365376	mozrunner::runner	INFO	Running command: "C:\\Program Files\\Mozilla Firefox\\firefox.exe" "--marionette" "--remote-debugging-port" "54253" "--remote-allow-hosts" "localhost" "-no-remote" "-profile" "C:\\Users\\SHUBHA~1\\AppData\\Local\\Temp\\rust_mozprofile5EW30w"
console.warn: services.settings: Ignoring preference override of remote settings server
console.warn: services.settings: Allow by setting MOZ_REMOTE_SETTINGS_DEVTOOLS=1 in the environment
1701001365953	Marionette	INFO	Marionette enabled
Dynamically enable window occlusion 0
1701001366039	Marionette	INFO	Listening on port 54264
WebDriver BiDi listening on ws://127.0.0.1:54253
Read port: 54264
1701001366244	RemoteAgent	WARN	TLS certificate errors will be ignored for this session
DevTools listening on ws://127.0.0.1:54253/devtools/browser/ccdafc2b-03f0-432d-80ee-78544df3cb60
console.warn: LoginRecipes: "Falling back to a synchronous message for: https://test.salesforce.com."
console.warn: LoginRecipes: "Falling back to a synchronous message for: https://test.salesforce.com."
1701001375316	Marionette	WARN	Ignoring event 'DOMContentLoaded' because document has an invalid readyState of 'complete'.
JavaScript error: , line 0: uncaught exception: Object
JavaScript error: , line 0: uncaught exception: Object
JavaScript error: , line 0: uncaught exception: Object
JavaScript error: , line 0: uncaught exception: Object
JavaScript error: , line 0: uncaught exception: Object
JavaScript error: , line 0: uncaught exception: Object
1701001396279	addons.xpi	ERROR	System addon update list error SyntaxError: XMLHttpRequest.open: 'http://%(server)s/dummy-system-addons.xml' is not a valid URL.
JavaScript error: https://www.gstatic.com/_/mss/boq-search/_/js/k=boq-search.ViewPackageService.en.5vFoIj6rx6g.es5.O/am=DAIAQIAAAAAAAAAAAAAAAAAAAAAAayBc_I-AHQDgwfry__9JICim5wcAQAgA4CBCA8CKDgAACIABoAAAAAAgCjoIgEgCRAShCwAPiDCNAECpgWJUYQ0ggAEfJYAASACcBEAAAAAEAADA4AEAYB8AAIAwIyDgAAAAAMA1DxgQAAAAAAAAAAAAAEUhLwIiAgAAAAAAAAAAAAACoEk/d=1/dg=0/rs=AH7-fg6w_pvVP0LS31ocQVY_f6uTWPT0mg/cb=loaded_0/m=_gbm,xUdipf,NwH0H,RMhBfe,w9hDv,VwDzFe,A7fCU, line 390: Error: V`https://www.gstatic.com/_/mss/boq-search/_/js/k=boq-search.ViewPackageService.en.5vFoIj6rx6g.es5.O/ck=boq-search.ViewPackageService.Esu1sWoEc1M.L.F4.O/am=DAIAQIAAAAAAAAAAAAAAAAAAAAAAayBc_I-AHQDgwfry__9JICim5wcAQAgA4CBCA8CKDgAACIABoAAAAAAgCjoIgEgCRAShCwAPiDCNAECpgWJUYQ0ggAEfJYAASACcBEAAAAAEAADA4AEAYB8AAIAwIyDgAAAAAMA1DxgQAAAAAAAAAAAAAEUhLwIiAgAAAAAAAAAAAAACoEk/d=1/exm=A7fCU,KG2eXe,NwH0H,RMhBfe,VwDzFe,_gbm,w9hDv,x8cHvb,xUdipf/ed=1/dg=0/rs=AH7-fg5jEfM-RR6OaxCS7qSwBN-TttOj8w/cb=loaded_1_3/ee=ADJUGe:nSzGM;AfeaP:TkrAjf;Al37kf:WF2Oxf;BMxAGc:E5bFse;BgS6mb:fidj5d;BjwMce:cXX2Wb;CRubWc:GGHMXc;CxXAWb:YyRLvc;DULqB:RKfG5c;Dkk6ge:wJqrrd;DpcR3d:zL72xf;EABSZ:MXZt9d;EVNhjf:pw70Gc;EmZ2Bf:zr1jrb;Erl4fe:FloWmf;F9mqte:UoRcbe;Fmv9Nc:O1Tzwc;G0KhTb:LIaoZ;G6wU6e:hezEbd;GleZL:J1A7Od;GzNeK:lwR3kb;HMDDWe:HPcd9d;IcRVsb:TzIJDb;IoGlCf:MEmnGe;JXS8fb:Qj0suc;JbMT3:M25sS;JsbNhc:Xd8iUd;KQzWid:ZMKkN;LBgRLc:SdcwHb;LWyKNe:OGn9Jd;LsNahb:ucGLNb;MWIbN:Oezo8e;Me32dd:MEeYgc;NPKaK:SdcwHb;NSEoX:lazG7b;NoD55:tHLYle;Np8Qkd:Dpx6qc;Nyt6ic:jn2sGd;OGn9Jd:vP7cyb;OgagBe:cNTe0;OohIYe:mpEAQb;Pjplud:EEDORb;QGR0gd:Mlhmy;QHcAG:Doact;Qoo2ob:xNwrGf;R4IIIb:QWfeKf;R9Ulx:CR7Ufe;Rlgi2d:XM4pie;SFqMfe:d7N0Ze;SLtqO:Kh1xYe;SnFeMb:gIO09b;T9F76b:IGrxNe;TxfV6d:YORN0b;UDrY1c:eps46d;UVmjEd:EesRsb;UVzb9c:W0fpg;UyG7Kb:wQd0G;V2HTTe:RolTY;VGRfx:VFqbr;VN6jIc:ddQyuf;VOcgDe:YquhTb;VxQ32b:k0XsBb;W1Xvfd:KwNFR;WDGyFe:jcVOxd;Wfmdue:g3MJlb;XUezZ:sa7lqb;XcupOe:nPGmVc;YV5bee:IvPZ6d;ZMvdv:PHFPjb;ZlOOMb:ka50sc;a56pNe:JEfCwb;aAJE9c:WHW6Ef;aZ61od:arTwJ;aoM3kc:RmZU0e;bcPXSc:gSZLJb;cEt90b:ws9Tlc;cFTWae:gT8qnd;cZGwze:Uq2Ztb;csKcjd:SWn78c;dIoSBb:SpsfSb;dLlj2:Qqt3Gf;daB6be:lMxGPd;dtl0hd:lLQWFe;eBAeSb:sVEevc;eBZ5Nd:audvde;eGOC9b:UFUkKb;eHDfl:ofjVkb;eO3lse:TC8ZNd;fWLTFc:TVBJbf;fcYTHe:rDv7Wc;flqRgb:ox2Q7c;fufDm:kGNN9b;g8nkx:U4MzKc;gPGwWe:ds8otb;gaub4:TN6bMe;gtVSi:ekUOYd;h3MYod:wV5Pjc;hK67qb:QWEO5b;heHB1:sFczq;hjRo6e:F62sG;iFQyKf:QIhFr;imqimf:jKGL2e;io8t5d:yDVVkb;jGHevf:wsoZ3c;jWrxGe:FHj41b;jlykkc:Ixcocc;kCQyJ:ueyPK;kMFpHd:OTA3Ae;kbAm9d:MkHyGd;kbIuKc:rDv7Wc;kyjn6b:CfXVTe;lUFnVe:Sq92Y;lkq0A:IbjKve;lx12yf:OtBNv;mT6AUb:vsaskf;mWzs9c:sVEevc;nAFL3:s39S4;oGtAuc:sOXFj;okUaUd:Kg1rBc;pKJiXd:VCenhc;pNsl2d:j9Yuyc;pXdRYb:MdUzUe;pj82le:mg5CW;qZx2Fc:j0xrE;qaS3gd:yiLg6e;qavrXe:zQzcXe;qddgKe:x4FYXe;qsajS:qGotLb;rQSrae:C6D5Fc;rebY5d:S5i2J;sP4Vbe:VwDzFe;sTsDMc:kHVSUb;slvZxc:FU6yf;tGdRVe:b5f3kc;tH4IIe:NoECLb;tosKvd:ZCqP3;trZL0b:qY8PFe;uY49fb:COQbmf;ul9GGd:VDovNc;uuQkY:u2V3ud;vAvu5d:O6oXm;vGrMZ:Y1W8Ad;vXy3B:yzQjhd;vfVwPd:lcrkwe;w3bZCb:ZPGaIb;w4rSdf:XKiZ9;w9w86d:aIe7ef;wQlYve:aLUfP;wR5FRb:O1Gjze;wV5Pjc:nQze3d;whEZac:F4AmNb;xBbsrc:NEW1Qc;xMUn6e:e0kzxe;xqZiqf:BBI74;yxTchf:KUM7Z;z97YGf:oug9te;zaIgPb:l09DXe;zxnPse:GkRiKb/m=n73qwf,mI3LFb,MpJwZc,P9vDhc,szFNKc,coOdHc,IZT63,LEikZe,COQbmf,Pkx8hb,L919Z,nQze3d,fkGYQb,lazG7b,Kg1rBc,PrPYRd,gychg,RDV3Nb,Wq6lxf,Mlhmy,SRsBqc,mdR7q,Rr5NOe,sVEevc,MI6k7c,kjKdXe,hKSk3e,X8lTKe,fM7wyf,sFyk7b
JavaScript warning: https://pagead2.googlesyndication.com/bg/GOa2ZK97xVqw-WOSDw2lqG4V8l_qTiI5JNj0tnI6N88.js line 2 > eval line 161 > eval line 1 > eval line 1 > eval, line 1: WEBGL_debug_renderer_info is deprecated in Firefox and will be removed. Please use RENDERER.
JavaScript error: https://developer.salesforce.com/forums/?id=9060G000000MVpYQAW, line 1161: ReferenceError: $ is not defined
JavaScript error: https://developer.salesforce.com/forums/?id=9060G000000MVpYQAW, line 1651: ReferenceError: SyntaxHighlighter is not defined
JavaScript warning: https://snap.licdn.com/li.lms-analytics/insight.beta.min.js, line 1: unreachable code after return statement
JavaScript warning: https://snap.licdn.com/li.lms-analytics/insight.beta.min.js, line 1: unreachable code after return statement
JavaScript error: resource://gre/modules/XULStore.sys.mjs, line 60: Error: Can't find profile directory.
JavaScript error: https://drm.my.salesforce-sites.com/DeveloperFeedback?url=https://developer.salesforce.com/forums/?id=9060G000000MVpYQAW, line 17: SyntaxError: JSON.parse: unexpected end of data at line 1 column 1 of the JSON data
JavaScript error: https://drm.my.salesforce-sites.com/DeveloperFeedback?url=https://developer.salesforce.com/forums/?id=9060G000000MVpYQAW, line 17: SyntaxError: JSON.parse: unexpected end of data at line 1 column 1 of the JSON data
JavaScript error: https://drm.my.salesforce-sites.com/DeveloperFeedback?url=https://developer.salesforce.com/forums/?id=9060G000000MVpYQAW, line 17: SyntaxError: JSON.parse: unexpected end of data at line 1 column 1 of the JSON data
JavaScript error: https://drm.my.salesforce-sites.com/DeveloperFeedback?url=https://developer.salesforce.com/forums/?id=9060G000000MVpYQAW, line 17: SyntaxError: JSON.parse: unexpected end of data at line 1 column 1 of the JSON data
JavaScript error: https://drm.my.salesforce-sites.com/DeveloperFeedback?url=https://developer.salesforce.com/forums/?id=9060G000000MVpYQAW, line 17: SyntaxError: JSON.parse: unexpected end of data at line 1 column 1 of the JSON data
console.error: ({})
JavaScript warning: https://www.googletagmanager.com/gtag/js?id=G-NLXVJP63NM&l=dataLayer&cx=c, line 484: Script terminated by timeout at:
aa.uh@https://www.googletagmanager.com/gtag/js?id=G-NLXVJP63NM&l=dataLayer&cx=c:484:89
get@https://www.googletagmanager.com/gtag/js?id=G-NLXVJP63NM&l=dataLayer&cx=c:482:119
stop@https://www.googletagmanager.com/gtag/js?id=G-NLXVJP63NM&l=dataLayer&cx=c:482:87
aa.Ik/c/<@https://www.googletagmanager.com/gtag/js?id=G-NLXVJP63NM&l=dataLayer&cx=c:482:412

console.error: "Unable to find target with innerWindowId:10737418242"
console.error: "Unable to find target with innerWindowId:10737418242"
console.error: "Unable to find target with innerWindowId:10737418242"
console.error: (new TypeError("currentNode is null", "resource://devtools/client/inspector/shared/style-change-tracker.js", 66))
TypeError: currentNode is null: canMutationImpactCurrentStyles@resource://devtools/client/inspector/shared/style-change-tracker.js:66:20
onMutations@resource://devtools/client/inspector/shared/style-change-tracker.js:84:41
_emit@resource://devtools/shared/event-emitter.js:242:32
emit@resource://devtools/shared/event-emitter.js:186:18
emit@resource://devtools/shared/event-emitter.js:330:18
getMutations@resource://devtools/client/fronts/walker.js:309:10

console.error: (new Error("Connection closed, pending request to server0.conn0.windowGlobal32212254722/domwalker29, type getOffsetParent failed\n\nRequest stack:\nrequest@resource://devtools/shared/protocol/Front.js:300:14\ngenerateRequestMethods/</frontProto[name]@resource://devtools/shared/protocol/Front/FrontClassWithSpec.js:47:19\nupdateBoxModel/lastRequest<@resource://devtools/client/inspector/boxmodel/box-model.js:202:56\n", "resource://devtools/shared/protocol/Front.js", 106))
console.error: (new Error("Connection closed, pending request to server0.conn0.windowGlobal32212254722/pagestyle30, type isPositionEditable failed\n\nRequest stack:\nrequest@resource://devtools/shared/protocol/Front.js:300:14\ngenerateRequestMethods/</frontProto[name]@resource://devtools/shared/protocol/Front/FrontClassWithSpec.js:47:19\nupdateBoxModel/lastRequest<@resource://devtools/client/inspector/boxmodel/box-model.js:195:50\n", "resource://devtools/shared/protocol/Front.js", 106))
console.error: (new Error("Connection closed, pending request to server0.conn0.windowGlobal32212254722/pagestyle30, type isPositionEditable failed\n\nRequest stack:\nrequest@resource://devtools/shared/protocol/Front.js:300:14\ngenerateRequestMethods/</frontProto[name]@resource://devtools/shared/protocol/Front/FrontClassWithSpec.js:47:19\nupdateBoxModel/lastRequest<@resource://devtools/client/inspector/boxmodel/box-model.js:195:50\n", "resource://devtools/shared/protocol/Front.js", 106))
console.error: "Unable to find target with innerWindowId:32212254722"
console.error: "Unable to find target with innerWindowId:32212254722"
console.error: "Unable to find target with innerWindowId:32212254722"
JavaScript warning: https://static.lightning.force.com/cs24/auraFW/javascript/MDM0c01pMVUtd244bVVLc2VRYzQ2UWRkdk8xRWxIam5GeGw0LU1mRHRYQ3cyNDYuMTUuNS0zLjAuNA/aura_prod.js line 326 > eval, line 8: Script terminated by timeout at:
[13]</r.exports@https://addeqa1--svqa6.sandbox.lightning.force.com/components/o11y/collectors.js:8:15286
[31]</b.prototype.setup@https://addeqa1--svqa6.sandbox.lightning.force.com/components/o11y/collectors.js:8:47863
[31]</b.prototype.verify@https://addeqa1--svqa6.sandbox.lightning.force.com/components/o11y/collectors.js:8:48637
validate@https://addeqa1--svqa6.sandbox.lightning.force.com/components/o11y/collectors.js:8:63463
encode@https://addeqa1--svqa6.sandbox.lightning.force.com/components/o11y/collectors.js:8:63572
processRawLogMessage@https://addeqa1--svqa6.sandbox.lightning.force.com/components/o11y/collectors.js:8:64426
l/</<@https://addeqa1--svqa6.sandbox.lightning.force.com/components/o11y/collectors.js:8:64761
l/<@https://addeqa1--svqa6.sandbox.lightning.force.com/components/o11y/collectors.js:8:64752
l@https://addeqa1--svqa6.sandbox.lightning.force.com/components/o11y/collectors.js:8:64711
c@https://addeqa1--svqa6.sandbox.lightning.force.com/components/o11y/collectors.js:8:65003
r@https://addeqa1--svqa6.sandbox.lightning.force.com/components/instrumentation/o11ySecondaryLoaderWithImports.js:1:350
getEncodedO11yLogs@https://addeqa1--svqa6.sandbox.lightning.force.com/libraries/instrumentation/beaconLib.BeaconLibrary.js:11:6
sendBeacon/<@https://addeqa1--svqa6.sandbox.lightning.force.com/libraries/instrumentation/beaconLib.BeaconLibrary.js:15:371
initializeBeacon/this.preservedAuraCallback<@https://addeqa1--svqa6.sandbox.lightning.force.com/libraries/instrumentation/beaconLib.BeaconLibrary.js:3:255
b@https://static.lightning.force.com/cs24/auraFW/javascript/MDM0c01pMVUtd244bVVLc2VRYzQ2UWRkdk8xRWxIam5GeGw0LU1mRHRYQ3cyNDYuMTUuNS0zLjAuNA/aura_prod.js:982:72
sendBeacon@https://addeqa1--svqa6.sandbox.lightning.force.com/libraries/instrumentation/beaconLib.BeaconLibrary.js:15:35
onWindowClose@https://addeqa1--svqa6.sandbox.lightning.force.com/libraries/instrumentation/beaconLib.BeaconLibrary.js:14:503
b@https://static.lightning.force.com/cs24/auraFW/javascript/MDM0c01pMVUtd244bVVLc2VRYzQ2UWRkdk8xRWxIam5GeGw0LU1mRHRYQ3cyNDYuMTUuNS0zLjAuNA/aura_prod.js:982:72
t@https://static.lightning.force.com/cs24/auraFW/javascript/MDM0c01pMVUtd244bVVLc2VRYzQ2UWRkdk8xRWxIam5GeGw0LU1mRHRYQ3cyNDYuMTUuNS0zLjAuNA/aura_prod.js:29:5726
EventListener.handleEvent*value@https://static.lightning.force.com/cs24/auraFW/javascript/MDM0c01pMVUtd244bVVLc2VRYzQ2UWRkdk8xRWxIam5GeGw0LU1mRHRYQ3cyNDYuMTUuNS0zLjAuNA/aura_prod.js:48:8112
initializeBeacon@https://addeqa1--svqa6.sandbox.lightning.force.com/librariesJavaScript error: https://www.gstatic.com/_/mss/boq-search/_/js/k=boq-search.ViewPackageService.en.5vFoIj6rx6g.es5.O/am=DAIAQIAAAAAAAAAAAAAAAAAAAAAAayBc_I-ADQDgwfry__9JICim5wcAQAgA4CBCA8CIDgAACIABoAAAAAAgCjoIgEgCRAShCwAFiBCNAECpgWJUYQ0ggAEfJYAASACcBAAAAAAEAADA4AEAYB8AAIAwIyDgAAAAAMA1DxgQAAAAAAAAAAAAAEUhLwIiAgAAAAAAAAAAAAACoEk/d=1/dg=0/rs=AH7-fg5sttOnstRTfm83Z22lTv5udoNFxw/cb=loaded_0/m=_gbm,xUdipf,NwH0H,RMhBfe,w9hDv,VwDzFe,A7fCU, line 390: Error: V`https://www.gstatic.com/_/mss/boq-search/_/js/k=boq-search.ViewPackageService.en.5vFoIj6rx6g.es5.O/ck=boq-search.ViewPackageService.Esu1sWoEc1M.L.F4.O/am=DAIAQIAAAAAAAAAAAAAAAAAAAAAAayBc_I-ADQDgwfry__9JICim5wcAQAgA4CBCA8CIDgAACIABoAAAAAAgCjoIgEgCRAShCwAFiBCNAECpgWJUYQ0ggAEfJYAASACcBAAAAAAEAADA4AEAYB8AAIAwIyDgAAAAAMA1DxgQAAAAAAAAAAAAAEUhLwIiAgAAAAAAAAAAAAACoEk/d=1/exm=A7fCU,NwH0H,RMhBfe,VwDzFe,_gbm,w9hDv,x8cHvb,xUdipf/ed=1/dg=0/rs=AH7-fg5hT0tgwAtmgBXsE3AkZeaesMN-PA/cb=loaded_1_2/ee=ADJUGe:nSzGM;AfeaP:TkrAjf;Al37kf:WF2Oxf;BMxAGc:E5bFse;BgS6mb:fidj5d;BjwMce:cXX2Wb;CRubWc:GGHMXc;CxXAWb:YyRLvc;DULqB:RKfG5c;Dkk6ge:wJqrrd;DpcR3d:zL72xf;EABSZ:MXZt9d;EVNhjf:pw70Gc;EmZ2Bf:zr1jrb;Erl4fe:FloWmf;F9mqte:UoRcbe;Fmv9Nc:O1Tzwc;G0KhTb:LIaoZ;G6wU6e:hezEbd;GleZL:J1A7Od;GzNeK:lwR3kb;HMDDWe:HPcd9d;IcRVsb:TzIJDb;IoGlCf:MEmnGe;JXS8fb:Qj0suc;JbMT3:M25sS;JsbNhc:Xd8iUd;KQzWid:ZMKkN;LBgRLc:SdcwHb;LWyKNe:OGn9Jd;LsNahb:ucGLNb;MWIbN:Oezo8e;Me32dd:MEeYgc;NPKaK:SdcwHb;NSEoX:lazG7b;NoD55:tHLYle;Np8Qkd:Dpx6qc;Nyt6ic:jn2sGd;OGn9Jd:vP7cyb;OgagBe:cNTe0;OohIYe:mpEAQb;Pjplud:EEDORb;QGR0gd:Mlhmy;QHcAG:Doact;Qoo2ob:xNwrGf;R4IIIb:QWfeKf;R9Ulx:CR7Ufe;Rlgi2d:XM4pie;SFqMfe:d7N0Ze;SLtqO:Kh1xYe;SnFeMb:gIO09b;T9F76b:IGrxNe;TxfV6d:YORN0b;UDrY1c:eps46d;UVmjEd:EesRsb;UVzb9c:W0fpg;UyG7Kb:wQd0G;V2HTTe:RolTY;VGRfx:VFqbr;VN6jIc:ddQyuf;VOcgDe:YquhTb;VxQ32b:k0XsBb;W1Xvfd:KwNFR;WDGyFe:jcVOxd;Wfmdue:g3MJlb;XUezZ:sa7lqb;XcupOe:nPGmVc;YV5bee:IvPZ6d;ZMvdv:PHFPjb;ZlOOMb:ka50sc;a56pNe:JEfCwb;aAJE9c:WHW6Ef;aZ61od:arTwJ;aoM3kc:RmZU0e;bcPXSc:gSZLJb;cEt90b:ws9Tlc;cFTWae:gT8qnd;cZGwze:Uq2Ztb;csKcjd:SWn78c;dIoSBb:SpsfSb;dLlj2:Qqt3Gf;daB6be:lMxGPd;dtl0hd:lLQWFe;eBAeSb:sVEevc;eBZ5Nd:audvde;eGOC9b:UFUkKb;eHDfl:ofjVkb;eO3lse:TC8ZNd;fWLTFc:TVBJbf;fcYTHe:rDv7Wc;flqRgb:ox2Q7c;fufDm:kGNN9b;g8nkx:U4MzKc;gPGwWe:ds8otb;gaub4:TN6bMe;gtVSi:ekUOYd;h3MYod:wV5Pjc;hK67qb:QWEO5b;heHB1:sFczq;hjRo6e:F62sG;iFQyKf:QIhFr;imqimf:jKGL2e;io8t5d:yDVVkb;jGHevf:wsoZ3c;jWrxGe:FHj41b;jlykkc:Ixcocc;kCQyJ:ueyPK;kMFpHd:OTA3Ae;kbAm9d:MkHyGd;kbIuKc:rDv7Wc;kyjn6b:CfXVTe;lUFnVe:Sq92Y;lkq0A:IbjKve;lx12yf:OtBNv;mT6AUb:vsaskf;mWzs9c:sVEevc;nAFL3:s39S4;oGtAuc:sOXFj;okUaUd:Kg1rBc;pKJiXd:VCenhc;pNsl2d:j9Yuyc;pXdRYb:MdUzUe;pj82le:mg5CW;qZx2Fc:j0xrE;qaS3gd:yiLg6e;qavrXe:zQzcXe;qddgKe:x4FYXe;qsajS:qGotLb;rQSrae:C6D5Fc;rebY5d:S5i2J;sP4Vbe:VwDzFe;sTsDMc:kHVSUb;slvZxc:FU6yf;tGdRVe:b5f3kc;tH4IIe:NoECLb;tosKvd:ZCqP3;trZL0b:qY8PFe;uY49fb:COQbmf;ul9GGd:VDovNc;uuQkY:u2V3ud;vAvu5d:O6oXm;vGrMZ:Y1W8Ad;vXy3B:yzQjhd;vfVwPd:lcrkwe;w3bZCb:ZPGaIb;w4rSdf:XKiZ9;w9w86d:aIe7ef;wQlYve:aLUfP;wR5FRb:O1Gjze;wV5Pjc:nQze3d;whEZac:F4AmNb;xBbsrc:NEW1Qc;xMUn6e:e0kzxe;xqZiqf:BBI74;yxTchf:KUM7Z;z97YGf:oug9te;zaIgPb:l09DXe;zxnPse:GkRiKb/m=KG2eXe
JavaScript error: https://www.gstatic.com/_/mss/boq-search/_/js/k=boq-search.ViewPackageService.en.5vFoIj6rx6g.es5.O/am=DAIAQIAAAAAAAAAAAAAAAAAAAAAAayBc_I-ADQDgwfry__9JICim5wcAQAgA4CBCA8CIDgAACIABoAAAAAAgCjoIgEgCRAShCwAFiBCNAECpgWJUYQ0ggAEfJYAASACcBAAAAAAEAADA4AEAYB8AAIAwIyDgAAAAAMA1DxgQAAAAAAAAAAAAAEUhLwIiAgAAAAAAAAAAAAACoEk/d=1/dg=0/rs=AH7-fg5sttOnstRTfm83Z22lTv5udoNFxw/cb=loaded_0/m=_gbm,xUdipf,NwH0H,RMhBfe,w9hDv,VwDzFe,A7fCU, line 390: Error: V`https://www.gstatic.com/_/mss/boq-search/_/js/k=boq-search.ViewPackageService.en.5vFoIj6rx6g.es5.O/ck=boq-search.ViewPackageService.Esu1sWoEc1M.L.F4.O/am=DAIAQIAAAAAAAAAAAAAAAAAAAAAAayBc_I-ADQDgwfry__9JICim5wcAQAgA4CBCA8CIDgAACIABoAAAAAAgCjoIgEgCRAShCwAFiBCNAECpgWJUYQ0ggAEfJYAASACcBAAAAAAEAADA4AEAYB8AAIAwIyDgAAAAAMA1DxgQAAAAAAAAAAAAAEUhLwIiAgAAAAAAAAAAAAACoEk/d=1/exm=A7fCU,KG2eXe,NwH0H,RMhBfe,VwDzFe,_gbm,w9hDv,x8cHvb,xUdipf/ed=1/dg=0/rs=AH7-fg5hT0tgwAtmgBXsE3AkZeaesMN-PA/cb=loaded_1_3/ee=ADJUGe:nSzGM;AfeaP:TkrAjf;Al37kf:WF2Oxf;BMxAGc:E5bFse;BgS6mb:fidj5d;BjwMce:cXX2Wb;CRubWc:GGHMXc;CxXAWb:YyRLvc;DULqB:RKfG5c;Dkk6ge:wJqrrd;DpcR3d:zL72xf;EABSZ:MXZt9d;EVNhjf:pw70Gc;EmZ2Bf:zr1jrb;Erl4fe:FloWmf;F9mqte:UoRcbe;Fmv9Nc:O1Tzwc;G0KhTb:LIaoZ;G6wU6e:hezEbd;GleZL:J1A7Od;GzNeK:lwR3kb;HMDDWe:HPcd9d;IcRVsb:TzIJDb;IoGlCf:MEmnGe;JXS8fb:Qj0suc;JbMT3:M25sS;JsbNhc:Xd8iUd;KQzWid:ZMKkN;LBgRLc:SdcwHb;LWyKNe:OGn9Jd;LsNahb:ucGLNb;MWIbN:Oezo8e;Me32dd:MEeYgc;NPKaK:SdcwHb;NSEoX:lazG7b;NoD55:tHLYle;Np8Qkd:Dpx6qc;Nyt6ic:jn2sGd;OGn9Jd:vP7cyb;OgagBe:cNTe0;OohIYe:mpEAQb;Pjplud:EEDORb;QGR0gd:Mlhmy;QHcAG:Doact;Qoo2ob:xNwrGf;R4IIIb:QWfeKf;R9Ulx:CR7Ufe;Rlgi2d:XM4pie;SFqMfe:d7N0Ze;SLtqO:Kh1xYe;SnFeMb:gIO09b;T9F76b:IGrxNe;TxfV6d:YORN0b;UDrY1c:eps46d;UVmjEd:EesRsb;UVzb9c:W0fpg;UyG7Kb:wQd0G;V2HTTe:RolTY;VGRfx:VFqbr;VN6jIc:ddQyuf;VOcgDe:YquhTb;VxQ32b:k0XsBb;W1Xvfd:KwNFR;WDGyFe:jcVOxd;Wfmdue:g3MJlb;XUezZ:sa7lqb;XcupOe:nPGmVc;YV5bee:IvPZ6d;ZMvdv:PHFPjb;ZlOOMb:ka50sc;a56pNe:JEfCwb;aAJE9c:WHW6Ef;aZ61od:arTwJ;aoM3kc:RmZU0e;bcPXSc:gSZLJb;cEt90b:ws9Tlc;cFTWae:gT8qnd;cZGwze:Uq2Ztb;csKcjd:SWn78c;dIoSBb:SpsfSb;dLlj2:Qqt3Gf;daB6be:lMxGPd;dtl0hd:lLQWFe;eBAeSb:sVEevc;eBZ5Nd:audvde;eGOC9b:UFUkKb;eHDfl:ofjVkb;eO3lse:TC8ZNd;fWLTFc:TVBJbf;fcYTHe:rDv7Wc;flqRgb:ox2Q7c;fufDm:kGNN9b;g8nkx:U4MzKc;gPGwWe:ds8otb;gaub4:TN6bMe;gtVSi:ekUOYd;h3MYod:wV5Pjc;hK67qb:QWEO5b;heHB1:sFczq;hjRo6e:F62sG;iFQyKf:QIhFr;imqimf:jKGL2e;io8t5d:yDVVkb;jGHevf:wsoZ3c;jWrxGe:FHj41b;jlykkc:Ixcocc;kCQyJ:ueyPK;kMFpHd:OTA3Ae;kbAm9d:MkHyGd;kbIuKc:rDv7Wc;kyjn6b:CfXVTe;lUFnVe:Sq92Y;lkq0A:IbjKve;lx12yf:OtBNv;mT6AUb:vsaskf;mWzs9c:sVEevc;nAFL3:s39S4;oGtAuc:sOXFj;okUaUd:Kg1rBc;pKJiXd:VCenhc;pNsl2d:j9Yuyc;pXdRYb:MdUzUe;pj82le:mg5CW;qZx2Fc:j0xrE;qaS3gd:yiLg6e;qavrXe:zQzcXe;qddgKe:x4FYXe;qsajS:qGotLb;rQSrae:C6D5Fc;rebY5d:S5i2J;sP4Vbe:VwDzFe;sTsDMc:kHVSUb;slvZxc:FU6yf;tGdRVe:b5f3kc;tH4IIe:NoECLb;tosKvd:ZCqP3;trZL0b:qY8PFe;uY49fb:COQbmf;ul9GGd:VDovNc;uuQkY:u2V3ud;vAvu5d:O6oXm;vGrMZ:Y1W8Ad;vXy3B:yzQjhd;vfVwPd:lcrkwe;w3bZCb:ZPGaIb;w4rSdf:XKiZ9;w9w86d:aIe7ef;wQlYve:aLUfP;wR5FRb:O1Gjze;wV5Pjc:nQze3d;whEZac:F4AmNb;xBbsrc:NEW1Qc;xMUn6e:e0kzxe;xqZiqf:BBI74;yxTchf:KUM7Z;z97YGf:oug9te;zaIgPb:l09DXe;zxnPse:GkRiKb/m=n73qwf,mI3LFb,MpJwZc,P9vDhc,szFNKc,coOdHc,IZT63,LEikZe,COQbmf,Pkx8hb,L919Z,nQze3d,fkGYQb,lazG7b,Kg1rBc,PrPYRd,gychg,RDV3Nb,Wq6lxf,Mlhmy,SRsBqc,mdR7q,Rr5NOe,sVEevc,MI6k7c,kjKdXe,hKSk3e,X8lTKe,fM7wyf,sFyk7b
JavaScript error: resource://gre/modules/AsyncShutdown.sys.mjs, line 573: NotFoundError: No such JSWindowActor 'DevToolsFrame'
1701001932452	Marionette	INFO	Stopped listening on port 54955
Dynamically enable window occlusion 1
osts" "localhost" "-no-remote" "-profile" "C:\\Users\\SHUBHA~1\\AppData\\Local\\Temp\\rust_mozprofiledvsxyx"
console.warn: services.settings: Ignoring preference override of remote settings server
console.warn: services.settings: Allow by setting MOZ_REMOTE_SETTINGS_DEVTOOLS=1 in the environment
1701001927812	Marionette	INFO	Marionette enabled
Dynamically enable window occlusion 0
1701001927899	Marionette	INFO	Listening on port 55513
WebDriver BiDi listening on ws://127.0.0.1:55504
Read port: 55513
1701001928106	RemoteAgent	WARN	TLS certificate errors will be ignored for this session
DevTools listening on ws://127.0.0.1:55504/devtools/browser/052940ce-1535-424e-994d-6478582c9f39
console.warn: LoginRecipes: "Falling back to a synchronous message for: https://test.salesforce.com."
console.warn: LoginRecipes: "Falling back to a synchronous message for: https://test.salesforce.com."
1701001938218	Marionette	WARN	Ignoring event 'DOMContentLoaded' because document has an invalid readyState of 'complete'.
1701001957898	addons.xpi	ERROR	System addon update list error SyntaxError: XMLHttpRequest.open: 'http://%(server)s/dummy-system-addons.xml' is not a valid URL.
JavaScript warning: https://static.lightning.force.com/cs24/auraFW/javascript/MDM0c01pMVUtd244bVVLc2VRYzQ2UWRkdk8xRWxIam5GeGw0LU1mRHRYQ3cyNDYuMTUuNS0zLjAuNA/aura_prod.js line 326 > eval, line 1: Script terminated by timeout at:
getPayload@https://addeqa1--svqa6.sandbox.lightning.force.com/components/instrumentation/o11ySupport.js:1:16772
_getPayloadFromProvider@https://addeqa1--svqa6.sandbox.lightning.force.com/components/o11y/client.js:1:30594
_logInternal@https://addeqa1--svqa6.sandbox.lightning.force.com/components/o11701001981924	Marionette	INFO	Marionette enabled
Dynamically enable window occlusion 0
1701001982071	Marionette	INFO	Listening on port 55697
WebDriver BiDi listening on ws://127.0.0.1:55686
Read port: 55697
1701001982384	RemoteAgent	WARN	TLS certificate errors will be ignored for this session
DevTools listening on ws://127.0.0.1:55686/devtools/browser/fa8472f8-b2ca-4879-a79f-09804decd94c
console.warn: LoginRecipes: "Falling back to a synchronous message for: https://test.salesforce.com."
console.warn: LoginRecipes: "Falling back to a synchronous message for: https://test.salesforce.com."
1701001991595	Marionette	WARN	Ignoring event 'DOMContentLoaded' because document has an invalid readyState of 'complete'.
JavaScript warning: https://static.lightning.force.com/cs24/auraFW/javascript/MDM0c01pMVUtd244bVVLc2VRYzQ2UWRkdk8xRWxIam5GeGw0LU1mRHRYQ3cyNDYuMTUuNS0zLjAuNA/aura_prod.js line 326 > eval, line 1: Script terminated by timeout at:
get metricsCount@https://addeqa1--svqa6.sandbox.lightning.force.com/components/o11y/simple_collector.js:1:1943
get estimatedByteSize@https://addeqa1--svqa6.sandbox.lightning.force.com/components/o11y/simple_collector.js:1:1565
checkQueueSize@https://addeqa1--svqa6.sandbox.lightning.force.com/libraries/instrumentation/beaconLib.BeaconLibrary.js:22:190
queueTransaction@https://addeqa1--svqa6.sandbox.lightning.force.com/libraries/instrumentation/beaconLib.BeaconLib1701002010007	geckodriver	INFO	Listening on 127.0.0.1:55809
1701002012975	mozrunner::runner	INFO	Running command: "C:\\Program Files\\Mozilla Firefox\\firefox.exe" "--marionette" "--remote-debugging-port" "55810" "--remote-allow-hosts" "localhost" "-no-remote" "-profile" "C:\\Users\\SHUBHA~1\\AppData\\Local\\Temp\\rust_mozprofileiuY4zn"
console.warn: services.settings: Ignoring preference override of remote settings server
console.warn: services.settings: Allow by setting MOZ_REMOTE_SETTINGS_DEVTOOLS=1 in the environment
1701002013494	Marionette	INFO	Marionette enabled
Dynamically enable window occlusion 0
1701002013573	Marionette	INFO	Listening on port 55819
WebDriver BiDi listening on ws://127.0.0.1:55810
Read port: 55819
1701002013775	RemoteAgent	WARN	TLS certificate errors will be ignored for this session
DevTools listening on ws://127.0.0.1:55810/devtools/browser/391e4f32-9b79-4ebc-a66c-3d6f733dc930
console.warn: LoginRecipes: "Falling back to a synchronous message for: https://test.salesforce.com."
console.warn: LoginRecipes: "Falling back to a synchronous message for: https://test.salesforce.com."
1701002021802	Marionette	WARN	Ignoring event 'DOMContentLoaded' because document has an invalid readyState of 'complete'.
JavaScript warning: https://static.lightning.force.com/cs24/auraFW/javascript/MDM0c01pMVUtd244bVVLc2VRYzQ2UWRkdk8xRWxIam5GeGw0LU1mRHRYQ3cyNDYuMTUuNS0zLjAuNA/aura_prod.js, line 982: Script terminated by timeout at:
b@https://static.lightning.force.com/cs24/auraFW/javascript/MDM0c01pMVUtd244bVVLc2VRYzQ2UWRkdk8xRWxIam5GeGw0LU1mRHRYQ3cyNDYuMTUuNS0zLjAuNA/aura_prod.js:982:28
sendBeacon@https://addeqa1--svqa6.sandbox.lightning.force.com/libraries/instrumentation/beaconLib.BeaconLibrary.js:15:35
onWindowClose@https://addeqa1--svqa6.sandbox.lightning.force.com/libraries/instrumentation/b1701002043439	Marionette	INFO	Marionette enabled
Dynamically enable window occlusion 0
1701002043537	Marionette	INFO	Listening on port 55944
WebDriver BiDi listening on ws://127.0.0.1:55930
Read port: 55944
1701002043788	RemoteAgent	WARN	TLS certificate errors will be ignored for this session
DevTools listening on ws://127.0.0.1:55930/devtools/browser/8596adf3-a874-4255-aab5-a04870c29b9c
console.warn: LoginRecipes: "Falling back to a synchronous message for: https://test.salesforce.com."
console.warn: LoginRecipes: "Falling back to a synchronous message for: https://test.salesforce.com."
1701002052905	Marionette	WARN	Ignoring event 'DOMContentLoaded' because document has an invalid readyState of 'complete'.
1701002074049	addons.xpi	ERROR	System addon update list error SyntaxError: XMLHttpRequest.open: 'http://%(server)s/dummy-system-addons.xml' is not a valid URL.
JavaScript warning: https://static.lightning.force.com/cs24/auraFW/javascript/MDM0c01pMVUtd244bVVLc2VRYzQ2UWRkdk8xRWxIam5GeGw0LU1mRHRYQ3cyNDYuMTUuNS0zLjAuNA/aura_prod.js line 326 > eval, line 8: Script terminated by timeout at:
[22]</s.prototype.onAdd@https://addeqa1--svqa6.sandbox.lightning.force.com/components/o11y/collectors.js:8:30296
[31]</b.prototype.add@https://addeqa1--svqa6.sandbox.lightning.force.com/components/o11y/collectors.js:8:46921
[31]</b.fromJSON@https://addeqa1--svqa6.sandbox.lightning.force.com/components/o11y/collectors.js:8:45158
[21]</c.prototype.addJSON@https://addeqa1--svqa6.sandbox.lightning.force.com/components/o11y/collectors.js:8:26913
[21]</c.fromJSON@https://addeqa1--svqa6.sandbox.lightning.force.com/components/o11y/collectors.js:8:26272
[21]</c.prototype.addJSON@https://addeqa1--svqa6.sandbox.lightning.force.com/components/o11y/collectors.js:8:26913
[21]</c.fromJSON@https://addeqa1--svqa6.sandbox.lightning.force.com/components/o11y/collectors.js:8:26272
[21]</c.prototype.addJSON@https://addeqa1--svqa6.sandbox.lightning.force.com/components/o11y/collectors.js:8:26913
[26]</c.fromJSON@https://addeqa1--svqa6.sandbox.lightning.force.com/components/o11y/collectors.js:8:37777
getSchemaType@https://addeqa1--svqa6.sandbox.lightning.force.com/components/o11y/collectors.js:8:63260
validate@https://addeqa1--svqa6.sandbox.lightning.force.com/components/o11y/collectors.js:8:63436
encode@https://addeqa1--svqa6.sandbox.lightning.force.com/components/o11y/collectors.js:8:63572
processRawLogMessage@https://addeqa1--svqa6.sandbox.lightning.force.com/components/o11y/collectors.js:8:64426
l/</<@https://addeqa1--svqa6.sandbox.lightning.force.com/components/o11y/collectors.js:8:64761
l/<@https://addeqa1--svqa6.sandbox.lightning.force.com/components/o11y/collectors.js:8:64752
l@https://addeqa1--svqa6.sandbox.lightning.force.com/components/o11y/collectors.js:8:64711
c@https://addeqa1--svqa6.sandbox.lightning.force.com/components/o11y/collectors.js:8:65003
r@https://addeqa1--svqa6.sandbox.lightning.force.com/components/instrumentation/o11ySecondaryLoaderWithImports.js:1:350
getEncodedO11yLogs@https://addeqa1--svqa6.sandbox.lightning.force.com/libraries/instrumentation/beaconLib.BeaconLibrary.js:11:6
sDevTools listening on ws://127.0.0.1:56194/devtools/browser/4f8bc8a7-7540-40d9-ac5a-af43799a1641
console.warn: LoginRecipes: "Falling back to a synchronous message for: https://test.salesforce.com."
console.warn: LoginRecipes: "Falling back to a synchronous message for: https://test.salesforce.com."
1701002125462	Marionette	WARN	Ignoring event 'DOMContentLoaded' because document has an invalid readyState of 'complete'.
1701002145473	addons.xpi	ERROR	System addon update list error SyntaxError: XMLHttpRequest.open: 'http://%(server)s/dummy-system-addons.xml' is not a valid URL.
JavaScript warning: https://static.lightning.force.com/cs24/auraFW/javascript/MDM0c01pMVUtd244bVVLc2VRYzQ2UWRkdk8xRWxIam5GeGw0LU1mRHRYQ3cyNDYuMTUuNS0zLjAuNA/aura_prod.js line 326 > eval, line 25: Script terminated by timeout at:
logComponentDefUsage@https://addeqa1--svqa6.sandbox.lightning.force.com/libraries/instrumentation/beaconLib.BeaconLibrary.js:25:136
onWindowClose@https://addeqa1--svqa6.sandbox.lightning.force.com/libraries/instrumentation/beaconLib.BeaconLibrary.js:14:411
b@https://static.lightning.force.com/cs24/auraFW/javascript/MDM0c01pMVUtd244bVVLc2VRYzQ2UWRkdk8xRWxIam5GeGw0LU1mRHRYQ3cyNDYuMTUuNS0zLjAuNA/aura_prod.js:982:72
t@https://static.lightning.force.com/cs24/auraFW/javascript/MDM0c01pMVUtd244bVVLc2VRYzQ2UWRkdk8xRWxIam5GeGw0LU1mRHRYQ3cyNDYuMTUuNS0zLjAuNA/aura_prod.js:29:5726

1701002561214	Marionette	INFO	Stopped listening on port 56206
Dynamically enable window occlusion 1
ce override of remote settings server
console.warn: services.settings: Allow by setting MOZ_REMOTE_SETTINGS_DEVTOOLS=1 in the environment
1701002215839	Marionette	INFO	Marionette enabled
Dynamically enable window occlusion 0
1701002215917	Marionette	INFO	Listening on port 56479
WebDriver BiDi listening on ws://127.0.0.1:56464
Read port: 56479
1701002216113	RemoteAgent	WARN	TLS certificate errors will be ignored for this session
DevTools listening on ws://127.0.0.1:56464/devtools/browser/2e7874ef-08b6-48f5-83ba-f67e746a565b
console.warn: LoginRecipes: "Falling back to a synchronous message for: https://test.salesforce.com."
console.warn: LoginRecipes: "Falling back to a synchronous message for: https://test.salesforce.com."
1701002224842	Marionette	WARN	Ignoring event 'DOMContentLoaded' because document has an invalid readyState of 'complete'.
1701002246543	addons.xpi	ERROR	System addon update list error SyntaxError: XMLHttpRequest.open: 'http://%(server)s/dummy-system-addons.xml' is not a valid URL.
JavaScript warning: https://www.youtube.com/s/player/63e90c30/www-embed-player.vflset/www-embed-player.js, line 871: Script terminated by timeout at:
kl/<@https://www.youtube.com/s/player/63e90c30/www-embed-player.vflset/www-embed-player.js:871:47

JavaScript warning: https://pagead2.googlesyndication.com/bg/GOa2ZK97xVqw-WOSDw2lqG4V8l_qTiI5JNj0tnI6N88.js line 2 > eval line 4696 > eval line 1 > eval line 1 > eval, line 1: WEBGL_debug_renderer_info is deprecated in Firefox and will be removed. Please use RENDERER.
JavaScript warning: https://www.googletagmanager.com/gtag/js?id=G-S812YQPLT2, line 512: Script terminated by timeout at:
aa.uh@https://www.googletagmanager.com/gtag/js?id=G-S812YQPLT2:512:42
get@https://www.googletagmanager.com/gtag/js?id=G-S812YQPLT2:510:119
stop@https://www.googletagmanager.com/gtag/js?id=G-S812YQPLT2:510:87
aa.Ik/c/<@https://www.googletagmanager.com/gtag/js?id=G-S812YQPLT2:510:412

JavaScript error: , line 0: TypeError: NetworkError when attempting to fetch resource.
JavaScript error: , line 0: TypeError: NetworkError when attempting to fetch resource.
JavaScript error: , line 0: NotFoundError: No such JSWindowActor 'DevToolsFrame'
console.warn: LoginRecipes: "Falling back to a synchronous message for: https://addeqa1--svqa6.sandbox.lightning.force.com."
JavaScript error: , line 0: NotFoundError: No such JSWindowActor 'DevToolsFrame'
1701002561243	Marionette	INFO	Stopped listening on port 56479
Dynamically enable window occlusion 1
